2024-03-28 06:46:19.650 [info] Log level: Info
2024-03-28 06:46:19.677 [info] VSCODE_MACHINE_ID: 581b9b1d-e7ee-41e9-a9ce-581f913b3769
2024-03-28 06:46:19.677 [info] VSCODE_SESSION_ID: 1cd0820e-dab1-43f8-bca7-cb8e9a39830c1711608374326
2024-03-28 06:46:19.678 [info] VSCODE_VERSION: 1.87.1
2024-03-28 06:46:19.678 [info] VSCODE_APP_NAME: Gitpod Code
2024-03-28 06:46:19.678 [info] VSCODE_APP_HOST: Gitpod
2024-03-28 06:46:19.678 [info] VSCODE_UI_KIND: web
2024-03-28 06:46:19.678 [info] GITPOD_WORKSPACE_CONTEXT_URL: https://github.com/freeCodeCamp/learn-world-cup-database
2024-03-28 06:46:19.678 [info] GITPOD_INSTANCE_ID: a816323b-9747-44b9-8562-b7e8eb976edc
2024-03-28 06:46:19.678 [info] GITPOD_WORKSPACE_URL: https://freecodecam-learnworldc-7v8vfimdzfd.ws-us110.gitpod.io
2024-03-28 06:46:19.685 [info] Gitpod Web 4e069a6
2024-03-28 06:46:19.685 [info] Reading sessions from keychain...
2024-03-28 06:46:19.891 [info] Getting sessions for all scopes...
2024-03-28 06:46:19.891 [info] Getting GitHub sessions for all scopes...
2024-03-28 06:46:19.891 [info] Getting sessions for function:accessCodeSyncStorage...
2024-03-28 06:46:19.892 [info] Got stored sessions!
2024-03-28 06:46:19.892 [info] Verified session with the following scopes: function:accessCodeSyncStorage function:closePort function:controlAdmission function:deleteEnvVar function:generateNewGitpodToken function:getDefaultWorkspaceImage function:getEnvVars function:getGitpodTokenScopes function:getIDToken function:getLoggedInUser function:getOpenPorts function:getSupportedWorkspaceClasses function:getTeams function:getToken function:getWorkspace function:getWorkspaceEnvVars function:getWorkspaceOwner function:getWorkspaceTimeout function:getWorkspaceUsers function:guessGitTokenScopes function:isWorkspaceOwner function:openPort function:sendHeartBeat function:setEnvVar function:setWorkspaceTimeout function:stopWorkspace function:takeSnapshot function:trackEvent function:updateGitStatus function:waitForSnapshot resource:contentBlob::*::create/get resource:envVar::freeCodeCamp/learn-world-cup-database::create/get/update/delete resource:gitpodToken::*::create resource:snapshot::ws-freecodecam-learnworldc-7v8vfimdzfd::create resource:token::*::get resource:userStorage::*::create/get/update resource:workspace::freecodecam-learnworldc-7v8vfimdzfd::get/update resource:workspaceInstance::a816323b-9747-44b9-8562-b7e8eb976edc::get/update/delete
2024-03-28 06:46:19.892 [info] Got 1 verified sessions.
2024-03-28 06:46:19.892 [info] Got 1 sessions for all scopes...
2024-03-28 06:46:19.892 [info] Got 1 sessions for function:accessCodeSyncStorage...
2024-03-28 06:46:19.988 [info] Got 1 GitHub sessions for all scopes...
2024-03-28 06:46:19.989 [info] Getting GitHub sessions for all scopes...
2024-03-28 06:46:19.989 [info] Got 1 GitHub sessions for all scopes...
2024-03-28 06:46:20.177 [info] Getting sessions for all scopes...
2024-03-28 06:46:20.177 [info] Got 1 sessions for all scopes...
2024-03-28 06:46:20.222 [info] Getting GitHub sessions for all scopes...
2024-03-28 06:46:20.222 [info] Got 1 GitHub sessions for all scopes...
2024-03-28 06:46:20.934 [info] Getting GitHub sessions for read:user,repo,user:email,workflow...
2024-03-28 06:46:20.934 [info] Got 1 GitHub sessions for read:user,repo,user:email,workflow...
2024-03-28 06:46:21.594 [info] Getting GitHub sessions for project,read:org,read:user,repo,user:email,workflow...
2024-03-28 06:46:21.594 [info] Got 0 GitHub sessions for project,read:org,read:user,repo,user:email,workflow...
2024-03-28 06:46:21.822 [info] Getting GitHub sessions for read:user,repo,user:email,workflow...
2024-03-28 06:46:21.822 [info] Got 1 GitHub sessions for read:user,repo,user:email,workflow...
2024-03-28 06:46:22.202 [info] Getting GitHub sessions for read:user,repo,user:email,workflow...
2024-03-28 06:46:22.202 [info] Got 1 GitHub sessions for read:user,repo,user:email,workflow...
