2024-03-28 05:47:02.486 [warning] /home/gitpod/.ssh/config: ENOENT: no such file or directory, open '/home/gitpod/.ssh/config'
2024-03-28 05:47:02.486 [info] Activation> Extension version: 0.82.1
2024-03-28 05:47:04.229 [info] Looking for git repository
2024-03-28 05:47:04.229 [info] Found 0 repositories during activation
2024-03-28 05:47:04.229 [info] Git repository found, initializing review manager and pr tree view.
2024-03-28 05:47:04.233 [info] Registering git provider
2024-03-28 05:47:04.233 [info] Review+0> Validate state in progress
2024-03-28 05:47:04.233 [info] Review+0> Validating state...
2024-03-28 05:47:04.421 [info] Found GitHub remote for folder /workspace/project
2024-03-28 05:47:04.699 [info] Trying to use globalState for assignableUsers.
2024-03-28 05:47:04.820 [info] Review+0> No matching pull request metadata found locally for current branch main
2024-03-28 05:47:05.027 [info] GlobalState does not exist for assignableUsers.
2024-03-28 05:47:05.427 [info] Review+0> No matching pull request metadata found on GitHub for current branch main
2024-03-28 05:47:11.147 [info] Repo state for file:///workspace/project changed.
2024-03-28 05:47:11.147 [info] Repo file:///workspace/project has already been setup.
2024-03-28 05:47:30.786 [info] Review+0> Validate state in progress
2024-03-28 05:47:30.786 [info] Review+0> Validating state...
2024-03-28 05:47:31.079 [info] Found GitHub remote for folder /workspace/project
2024-03-28 05:47:31.080 [info] Using in-memory cached assignable users.
2024-03-28 05:47:31.098 [info] Review+0> No matching pull request metadata found locally for current branch main
2024-03-28 05:47:31.558 [info] Review+0> No matching pull request metadata found on GitHub for current branch main
2024-03-28 05:47:35.842 [info] Review+0> Validate state in progress
2024-03-28 05:47:35.842 [info] Review+0> Validating state...
2024-03-28 05:47:36.163 [info] Found GitHub remote for folder /workspace/project
2024-03-28 05:47:36.164 [info] Using in-memory cached assignable users.
2024-03-28 05:47:36.176 [info] Review+0> No matching pull request metadata found locally for current branch main
2024-03-28 05:47:36.642 [info] Review+0> No matching pull request metadata found on GitHub for current branch main
2024-03-28 06:27:42.181 [info] Review+0> Validate state in progress
2024-03-28 06:27:42.182 [info] Review+0> Validating state...
2024-03-28 06:27:42.472 [info] Found GitHub remote for folder /workspace/project
2024-03-28 06:27:42.473 [info] Using in-memory cached assignable users.
2024-03-28 06:27:42.485 [info] Review+0> No matching pull request metadata found locally for current branch main
2024-03-28 06:27:42.943 [info] Review+0> No matching pull request metadata found on GitHub for current branch main
