2024-03-28 05:47:02.303 [info] Log level: Info
2024-03-28 05:47:02.303 [info] Validating found git in: "git"
2024-03-28 05:47:02.303 [info] Using git "2.43.0" from "git"
2024-03-28 05:47:02.303 [info] > git rev-parse --show-toplevel [2ms]
2024-03-28 05:47:02.303 [info] > git rev-parse --git-dir --git-common-dir [125ms]
2024-03-28 05:47:02.303 [info] Open repository: /workspace/project
2024-03-28 05:47:02.303 [info] > git rev-parse --show-toplevel [7ms]
2024-03-28 05:47:02.303 [info] > git config --get commit.template [18ms]
2024-03-28 05:47:02.303 [info] > git rev-parse --show-toplevel [7ms]
2024-03-28 05:47:02.303 [info] > git for-each-ref --format=%(refname)%00%(upstream:short)%00%(objectname)%00%(upstream:track)%00%(upstream:remotename)%00%(upstream:remoteref) refs/heads/main refs/remotes/main [2ms]
2024-03-28 05:47:02.303 [warning] ENOENT: no such file or directory, open '/workspace/project/.git/refs/remotes/origin/main'
2024-03-28 05:47:02.303 [info] > git rev-parse refs/remotes/origin/main [1ms]
2024-03-28 05:47:02.303 [info] > git status -z -uall [8ms]
2024-03-28 05:47:02.303 [info] > git config --get commit.template [9ms]
2024-03-28 05:47:02.303 [info] > git for-each-ref --format=%(refname)%00%(upstream:short)%00%(objectname)%00%(upstream:track)%00%(upstream:remotename)%00%(upstream:remoteref) refs/heads/main refs/remotes/main [2ms]
2024-03-28 05:47:02.303 [warning] ENOENT: no such file or directory, open '/workspace/project/.git/refs/remotes/origin/main'
2024-03-28 05:47:02.303 [info] > git rev-parse refs/remotes/origin/main [108ms]
2024-03-28 05:47:02.303 [info] > git status -z -uall [2ms]
2024-03-28 05:47:02.821 [info] > git check-ignore -v -z --stdin [2ms]
2024-03-28 05:47:04.819 [info] > git config --local branch.main.github-pr-owner-number [111ms]
2024-03-28 05:47:04.819 [warning] git config failed: Failed to execute git
2024-03-28 05:47:11.117 [info] > git config --get commit.template [13ms]
2024-03-28 05:47:11.121 [info] > git for-each-ref --format=%(refname)%00%(upstream:short)%00%(objectname)%00%(upstream:track)%00%(upstream:remotename)%00%(upstream:remoteref) refs/heads/main refs/remotes/main [6ms]
2024-03-28 05:47:11.132 [warning] ENOENT: no such file or directory, open '/workspace/project/.git/refs/remotes/origin/main'
2024-03-28 05:47:11.133 [info] > git rev-parse refs/remotes/origin/main [1ms]
2024-03-28 05:47:11.144 [info] > git status -z -uall [1ms]
2024-03-28 05:47:17.168 [info] > git config --get commit.template [7ms]
2024-03-28 05:47:17.169 [info] > git for-each-ref --format=%(refname)%00%(upstream:short)%00%(objectname)%00%(upstream:track)%00%(upstream:remotename)%00%(upstream:remoteref) refs/heads/main refs/remotes/main [1ms]
2024-03-28 05:47:17.178 [warning] ENOENT: no such file or directory, open '/workspace/project/.git/refs/remotes/origin/main'
2024-03-28 05:47:17.179 [info] > git rev-parse refs/remotes/origin/main [1ms]
2024-03-28 05:47:17.191 [info] > git status -z -uall [1ms]
2024-03-28 05:47:30.438 [info] > git check-ignore -v -z --stdin [1ms]
2024-03-28 05:47:30.759 [info] > git config --get commit.template [9ms]
2024-03-28 05:47:30.759 [info] > git for-each-ref --format=%(refname)%00%(upstream:short)%00%(objectname)%00%(upstream:track)%00%(upstream:remotename)%00%(upstream:remoteref) refs/heads/main refs/remotes/main [2ms]
2024-03-28 05:47:30.768 [warning] ENOENT: no such file or directory, open '/workspace/project/.git/refs/remotes/origin/main'
2024-03-28 05:47:30.769 [info] > git rev-parse refs/remotes/origin/main [1ms]
2024-03-28 05:47:30.782 [info] > git status -z -uall [2ms]
2024-03-28 05:47:31.098 [info] > git config --local branch.main.github-pr-owner-number [4ms]
2024-03-28 05:47:31.098 [warning] git config failed: Failed to execute git
2024-03-28 05:47:35.811 [info] > git config --get commit.template [11ms]
2024-03-28 05:47:35.812 [info] > git for-each-ref --format=%(refname)%00%(upstream:short)%00%(objectname)%00%(upstream:track)%00%(upstream:remotename)%00%(upstream:remoteref) refs/heads/main refs/remotes/main [3ms]
2024-03-28 05:47:35.823 [warning] ENOENT: no such file or directory, open '/workspace/project/.git/refs/remotes/origin/main'
2024-03-28 05:47:35.825 [info] > git rev-parse refs/remotes/origin/main [1ms]
2024-03-28 05:47:35.837 [info] > git status -z -uall [3ms]
2024-03-28 05:47:36.175 [info] > git config --local branch.main.github-pr-owner-number [1ms]
2024-03-28 05:47:36.175 [warning] git config failed: Failed to execute git
2024-03-28 05:47:40.866 [info] > git config --get commit.template [11ms]
2024-03-28 05:47:40.867 [info] > git for-each-ref --format=%(refname)%00%(upstream:short)%00%(objectname)%00%(upstream:track)%00%(upstream:remotename)%00%(upstream:remoteref) refs/heads/main refs/remotes/main [2ms]
2024-03-28 05:47:40.876 [warning] ENOENT: no such file or directory, open '/workspace/project/.git/refs/remotes/origin/main'
2024-03-28 05:47:40.877 [info] > git rev-parse refs/remotes/origin/main [1ms]
2024-03-28 05:47:40.888 [info] > git status -z -uall [2ms]
2024-03-28 05:49:47.934 [info] > git config --get commit.template [11ms]
2024-03-28 05:49:47.935 [info] > git for-each-ref --format=%(refname)%00%(upstream:short)%00%(objectname)%00%(upstream:track)%00%(upstream:remotename)%00%(upstream:remoteref) refs/heads/main refs/remotes/main [2ms]
2024-03-28 05:49:47.945 [warning] ENOENT: no such file or directory, open '/workspace/project/.git/refs/remotes/origin/main'
2024-03-28 05:49:47.945 [info] > git rev-parse refs/remotes/origin/main [0ms]
2024-03-28 05:49:47.956 [info] > git status -z -uall [1ms]
2024-03-28 05:52:04.242 [info] > git config --local branch.main.github-pr-owner-number [1ms]
2024-03-28 05:52:04.242 [warning] git config failed: Failed to execute git
2024-03-28 05:52:39.669 [info] > git config --get commit.template [6ms]
2024-03-28 05:52:39.670 [info] > git for-each-ref --format=%(refname)%00%(upstream:short)%00%(objectname)%00%(upstream:track)%00%(upstream:remotename)%00%(upstream:remoteref) refs/heads/main refs/remotes/main [2ms]
2024-03-28 05:52:39.675 [warning] ENOENT: no such file or directory, open '/workspace/project/.git/refs/remotes/origin/main'
2024-03-28 05:52:39.676 [info] > git rev-parse refs/remotes/origin/main [1ms]
2024-03-28 05:52:39.684 [info] > git status -z -uall [2ms]
2024-03-28 05:53:13.055 [info] > git show --textconv :insert_data.sh [7ms]
2024-03-28 05:53:13.056 [info] > git ls-files --stage -- /workspace/project/insert_data.sh [2ms]
2024-03-28 05:53:13.062 [info] > git cat-file -s c5ae640c15fdc710bb157f2bae6854a3a8f95f6c [1ms]
2024-03-28 05:53:14.619 [info] > git show --textconv :games.csv [6ms]
2024-03-28 05:53:14.620 [info] > git ls-files --stage -- /workspace/project/games.csv [1ms]
2024-03-28 05:53:14.627 [info] > git cat-file -s 40a829cf638bf96aee92778f327f925d9003a04e [1ms]
2024-03-28 05:53:16.753 [info] > git show --textconv :expected_output.txt [12ms]
2024-03-28 05:53:16.753 [info] > git ls-files --stage -- /workspace/project/expected_output.txt [2ms]
2024-03-28 05:53:16.764 [info] > git cat-file -s 526632f98494b9662b3692d59c689fb3402cd2c1 [2ms]
2024-03-28 05:53:17.200 [info] > git show --textconv :insert_data.sh [10ms]
2024-03-28 05:53:17.201 [info] > git ls-files --stage -- /workspace/project/insert_data.sh [2ms]
2024-03-28 05:53:17.212 [info] > git cat-file -s c5ae640c15fdc710bb157f2bae6854a3a8f95f6c [1ms]
2024-03-28 05:53:17.634 [info] > git show --textconv :queries.sh [12ms]
2024-03-28 05:53:17.635 [info] > git ls-files --stage -- /workspace/project/queries.sh [2ms]
2024-03-28 05:53:17.645 [info] > git cat-file -s e5a5dad9fafd7fe928511d82397176d8ac27e9cb [2ms]
2024-03-28 05:53:18.093 [info] > git show --textconv :insert_data.sh [7ms]
2024-03-28 05:53:18.094 [info] > git ls-files --stage -- /workspace/project/insert_data.sh [1ms]
2024-03-28 05:53:18.101 [info] > git cat-file -s c5ae640c15fdc710bb157f2bae6854a3a8f95f6c [2ms]
2024-03-28 05:53:19.921 [info] > git show --textconv :queries.sh [7ms]
2024-03-28 05:53:19.922 [info] > git ls-files --stage -- /workspace/project/queries.sh [2ms]
2024-03-28 05:53:19.930 [info] > git cat-file -s e5a5dad9fafd7fe928511d82397176d8ac27e9cb [3ms]
2024-03-28 05:53:20.314 [info] > git show --textconv :insert_data.sh [7ms]
2024-03-28 05:53:20.315 [info] > git ls-files --stage -- /workspace/project/insert_data.sh [1ms]
2024-03-28 05:53:20.321 [info] > git cat-file -s c5ae640c15fdc710bb157f2bae6854a3a8f95f6c [1ms]
2024-03-28 05:53:48.509 [info] > git config --get commit.template [8ms]
2024-03-28 05:53:48.509 [info] > git for-each-ref --format=%(refname)%00%(upstream:short)%00%(objectname)%00%(upstream:track)%00%(upstream:remotename)%00%(upstream:remoteref) refs/heads/main refs/remotes/main [1ms]
2024-03-28 05:53:48.515 [warning] ENOENT: no such file or directory, open '/workspace/project/.git/refs/remotes/origin/main'
2024-03-28 05:53:48.517 [info] > git rev-parse refs/remotes/origin/main [1ms]
2024-03-28 05:53:48.525 [info] > git status -z -uall [2ms]
2024-03-28 05:53:49.205 [info] > git show --textconv :queries.sh [7ms]
2024-03-28 05:53:49.205 [info] > git ls-files --stage -- /workspace/project/queries.sh [1ms]
2024-03-28 05:53:49.213 [info] > git cat-file -s e5a5dad9fafd7fe928511d82397176d8ac27e9cb [2ms]
2024-03-28 05:53:55.725 [info] > git config --get commit.template [7ms]
2024-03-28 05:53:55.726 [info] > git for-each-ref --format=%(refname)%00%(upstream:short)%00%(objectname)%00%(upstream:track)%00%(upstream:remotename)%00%(upstream:remoteref) refs/heads/main refs/remotes/main [1ms]
2024-03-28 05:53:55.731 [warning] ENOENT: no such file or directory, open '/workspace/project/.git/refs/remotes/origin/main'
2024-03-28 05:53:55.732 [info] > git rev-parse refs/remotes/origin/main [1ms]
2024-03-28 05:53:55.740 [info] > git status -z -uall [2ms]
2024-03-28 05:53:57.262 [info] > git show --textconv :insert_data.sh [7ms]
2024-03-28 05:53:57.263 [info] > git ls-files --stage -- /workspace/project/insert_data.sh [1ms]
2024-03-28 05:53:57.270 [info] > git cat-file -s c5ae640c15fdc710bb157f2bae6854a3a8f95f6c [2ms]
2024-03-28 05:54:00.758 [info] > git config --get commit.template [7ms]
2024-03-28 05:54:00.759 [info] > git for-each-ref --format=%(refname)%00%(upstream:short)%00%(objectname)%00%(upstream:track)%00%(upstream:remotename)%00%(upstream:remoteref) refs/heads/main refs/remotes/main [2ms]
2024-03-28 05:54:00.765 [warning] ENOENT: no such file or directory, open '/workspace/project/.git/refs/remotes/origin/main'
2024-03-28 05:54:00.766 [info] > git rev-parse refs/remotes/origin/main [1ms]
2024-03-28 05:54:00.773 [info] > git status -z -uall [1ms]
2024-03-28 05:54:10.324 [info] > git config --get commit.template [6ms]
2024-03-28 05:54:10.325 [info] > git for-each-ref --format=%(refname)%00%(upstream:short)%00%(objectname)%00%(upstream:track)%00%(upstream:remotename)%00%(upstream:remoteref) refs/heads/main refs/remotes/main [1ms]
2024-03-28 05:54:10.334 [warning] ENOENT: no such file or directory, open '/workspace/project/.git/refs/remotes/origin/main'
2024-03-28 05:54:10.335 [info] > git rev-parse refs/remotes/origin/main [1ms]
2024-03-28 05:54:10.347 [info] > git status -z -uall [1ms]
2024-03-28 05:54:15.415 [info] > git show --textconv :insert_data.sh [6ms]
2024-03-28 05:54:15.416 [info] > git ls-files --stage -- /workspace/project/insert_data.sh [1ms]
2024-03-28 05:54:15.422 [info] > git cat-file -s c5ae640c15fdc710bb157f2bae6854a3a8f95f6c [1ms]
2024-03-28 05:54:56.255 [info] > git show --textconv :insert_data.sh [8ms]
2024-03-28 05:54:56.255 [info] > git ls-files --stage -- /workspace/project/insert_data.sh [1ms]
2024-03-28 05:54:56.262 [info] > git cat-file -s c5ae640c15fdc710bb157f2bae6854a3a8f95f6c [1ms]
2024-03-28 05:54:59.412 [info] > git config --get commit.template [11ms]
2024-03-28 05:54:59.413 [info] > git for-each-ref --format=%(refname)%00%(upstream:short)%00%(objectname)%00%(upstream:track)%00%(upstream:remotename)%00%(upstream:remoteref) refs/heads/main refs/remotes/main [2ms]
2024-03-28 05:54:59.423 [warning] ENOENT: no such file or directory, open '/workspace/project/.git/refs/remotes/origin/main'
2024-03-28 05:54:59.424 [info] > git rev-parse refs/remotes/origin/main [2ms]
2024-03-28 05:54:59.435 [info] > git status -z -uall [1ms]
2024-03-28 05:55:02.922 [info] > git ls-files --stage -- /workspace/project/insert_data.sh [2ms]
2024-03-28 05:55:02.930 [info] > git cat-file -s c5ae640c15fdc710bb157f2bae6854a3a8f95f6c [2ms]
2024-03-28 05:55:03.123 [info] > git show --textconv :insert_data.sh [2ms]
2024-03-28 05:55:04.457 [info] > git config --get commit.template [9ms]
2024-03-28 05:55:04.458 [info] > git for-each-ref --format=%(refname)%00%(upstream:short)%00%(objectname)%00%(upstream:track)%00%(upstream:remotename)%00%(upstream:remoteref) refs/heads/main refs/remotes/main [2ms]
2024-03-28 05:55:04.468 [warning] ENOENT: no such file or directory, open '/workspace/project/.git/refs/remotes/origin/main'
2024-03-28 05:55:04.469 [info] > git rev-parse refs/remotes/origin/main [1ms]
2024-03-28 05:55:04.479 [info] > git status -z -uall [2ms]
2024-03-28 05:55:40.415 [info] > git config --get commit.template [7ms]
2024-03-28 05:55:40.416 [info] > git for-each-ref --format=%(refname)%00%(upstream:short)%00%(objectname)%00%(upstream:track)%00%(upstream:remotename)%00%(upstream:remoteref) refs/heads/main refs/remotes/main [2ms]
2024-03-28 05:55:40.421 [warning] ENOENT: no such file or directory, open '/workspace/project/.git/refs/remotes/origin/main'
2024-03-28 05:55:40.422 [info] > git rev-parse refs/remotes/origin/main [1ms]
2024-03-28 05:55:40.428 [info] > git status -z -uall [1ms]
2024-03-28 05:55:45.445 [info] > git config --get commit.template [6ms]
2024-03-28 05:55:45.446 [info] > git for-each-ref --format=%(refname)%00%(upstream:short)%00%(objectname)%00%(upstream:track)%00%(upstream:remotename)%00%(upstream:remoteref) refs/heads/main refs/remotes/main [2ms]
2024-03-28 05:55:45.455 [warning] ENOENT: no such file or directory, open '/workspace/project/.git/refs/remotes/origin/main'
2024-03-28 05:55:45.456 [info] > git rev-parse refs/remotes/origin/main [1ms]
2024-03-28 05:55:45.466 [info] > git status -z -uall [2ms]
2024-03-28 05:55:55.472 [info] > git config --get commit.template [9ms]
2024-03-28 05:55:55.472 [info] > git for-each-ref --format=%(refname)%00%(upstream:short)%00%(objectname)%00%(upstream:track)%00%(upstream:remotename)%00%(upstream:remoteref) refs/heads/main refs/remotes/main [1ms]
2024-03-28 05:55:55.479 [warning] ENOENT: no such file or directory, open '/workspace/project/.git/refs/remotes/origin/main'
2024-03-28 05:55:55.480 [info] > git rev-parse refs/remotes/origin/main [1ms]
2024-03-28 05:55:55.487 [info] > git status -z -uall [2ms]
2024-03-28 05:56:17.542 [info] > git config --get commit.template [6ms]
2024-03-28 05:56:17.543 [info] > git for-each-ref --format=%(refname)%00%(upstream:short)%00%(objectname)%00%(upstream:track)%00%(upstream:remotename)%00%(upstream:remoteref) refs/heads/main refs/remotes/main [1ms]
2024-03-28 05:56:17.549 [warning] ENOENT: no such file or directory, open '/workspace/project/.git/refs/remotes/origin/main'
2024-03-28 05:56:17.550 [info] > git rev-parse refs/remotes/origin/main [1ms]
2024-03-28 05:56:17.557 [info] > git status -z -uall [2ms]
2024-03-28 05:56:22.574 [info] > git config --get commit.template [7ms]
2024-03-28 05:56:22.575 [info] > git for-each-ref --format=%(refname)%00%(upstream:short)%00%(objectname)%00%(upstream:track)%00%(upstream:remotename)%00%(upstream:remoteref) refs/heads/main refs/remotes/main [1ms]
2024-03-28 05:56:22.580 [warning] ENOENT: no such file or directory, open '/workspace/project/.git/refs/remotes/origin/main'
2024-03-28 05:56:22.581 [info] > git rev-parse refs/remotes/origin/main [1ms]
2024-03-28 05:56:22.592 [info] > git status -z -uall [2ms]
2024-03-28 05:56:27.610 [info] > git config --get commit.template [8ms]
2024-03-28 05:56:27.611 [info] > git for-each-ref --format=%(refname)%00%(upstream:short)%00%(objectname)%00%(upstream:track)%00%(upstream:remotename)%00%(upstream:remoteref) refs/heads/main refs/remotes/main [2ms]
2024-03-28 05:56:27.617 [warning] ENOENT: no such file or directory, open '/workspace/project/.git/refs/remotes/origin/main'
2024-03-28 05:56:27.618 [info] > git rev-parse refs/remotes/origin/main [1ms]
2024-03-28 05:56:27.625 [info] > git status -z -uall [1ms]
2024-03-28 05:56:32.645 [info] > git config --get commit.template [8ms]
2024-03-28 05:56:32.645 [info] > git for-each-ref --format=%(refname)%00%(upstream:short)%00%(objectname)%00%(upstream:track)%00%(upstream:remotename)%00%(upstream:remoteref) refs/heads/main refs/remotes/main [1ms]
2024-03-28 05:56:32.655 [warning] ENOENT: no such file or directory, open '/workspace/project/.git/refs/remotes/origin/main'
2024-03-28 05:56:32.656 [info] > git rev-parse refs/remotes/origin/main [2ms]
2024-03-28 05:56:32.667 [info] > git status -z -uall [1ms]
2024-03-28 05:56:37.690 [info] > git config --get commit.template [7ms]
2024-03-28 05:56:37.690 [info] > git for-each-ref --format=%(refname)%00%(upstream:short)%00%(objectname)%00%(upstream:track)%00%(upstream:remotename)%00%(upstream:remoteref) refs/heads/main refs/remotes/main [1ms]
2024-03-28 05:56:37.697 [warning] ENOENT: no such file or directory, open '/workspace/project/.git/refs/remotes/origin/main'
2024-03-28 05:56:37.698 [info] > git rev-parse refs/remotes/origin/main [1ms]
2024-03-28 05:56:37.707 [info] > git status -z -uall [2ms]
2024-03-28 05:56:48.892 [info] > git show --textconv :insert_data.sh [7ms]
2024-03-28 05:56:48.893 [info] > git ls-files --stage -- /workspace/project/insert_data.sh [2ms]
2024-03-28 05:56:48.899 [info] > git cat-file -s c5ae640c15fdc710bb157f2bae6854a3a8f95f6c [1ms]
2024-03-28 05:57:04.253 [info] > git config --local branch.main.github-pr-owner-number [1ms]
2024-03-28 05:57:04.253 [warning] git config failed: Failed to execute git
2024-03-28 05:57:09.653 [info] > git show --textconv :insert_data.sh [12ms]
2024-03-28 05:57:09.653 [info] > git ls-files --stage -- /workspace/project/insert_data.sh [1ms]
2024-03-28 05:57:09.665 [info] > git cat-file -s c5ae640c15fdc710bb157f2bae6854a3a8f95f6c [2ms]
2024-03-28 05:57:26.052 [info] > git config --get commit.template [7ms]
2024-03-28 05:57:26.052 [info] > git for-each-ref --format=%(refname)%00%(upstream:short)%00%(objectname)%00%(upstream:track)%00%(upstream:remotename)%00%(upstream:remoteref) refs/heads/main refs/remotes/main [1ms]
2024-03-28 05:57:26.061 [warning] ENOENT: no such file or directory, open '/workspace/project/.git/refs/remotes/origin/main'
2024-03-28 05:57:26.062 [info] > git rev-parse refs/remotes/origin/main [1ms]
2024-03-28 05:57:26.074 [info] > git status -z -uall [1ms]
2024-03-28 05:57:41.049 [info] > git show --textconv :insert_data.sh [7ms]
2024-03-28 05:57:41.049 [info] > git ls-files --stage -- /workspace/project/insert_data.sh [1ms]
2024-03-28 05:57:41.060 [info] > git cat-file -s c5ae640c15fdc710bb157f2bae6854a3a8f95f6c [1ms]
2024-03-28 05:57:45.391 [info] > git config --get commit.template [7ms]
2024-03-28 05:57:45.392 [info] > git for-each-ref --format=%(refname)%00%(upstream:short)%00%(objectname)%00%(upstream:track)%00%(upstream:remotename)%00%(upstream:remoteref) refs/heads/main refs/remotes/main [1ms]
2024-03-28 05:57:45.398 [warning] ENOENT: no such file or directory, open '/workspace/project/.git/refs/remotes/origin/main'
2024-03-28 05:57:45.398 [info] > git rev-parse refs/remotes/origin/main [1ms]
2024-03-28 05:57:45.405 [info] > git status -z -uall [2ms]
2024-03-28 05:58:04.600 [info] > git show --textconv :insert_data.sh [11ms]
2024-03-28 05:58:04.601 [info] > git ls-files --stage -- /workspace/project/insert_data.sh [2ms]
2024-03-28 05:58:04.611 [info] > git cat-file -s c5ae640c15fdc710bb157f2bae6854a3a8f95f6c [1ms]
2024-03-28 05:58:07.096 [info] > git config --get commit.template [6ms]
2024-03-28 05:58:07.097 [info] > git for-each-ref --format=%(refname)%00%(upstream:short)%00%(objectname)%00%(upstream:track)%00%(upstream:remotename)%00%(upstream:remoteref) refs/heads/main refs/remotes/main [1ms]
2024-03-28 05:58:07.104 [warning] ENOENT: no such file or directory, open '/workspace/project/.git/refs/remotes/origin/main'
2024-03-28 05:58:07.105 [info] > git rev-parse refs/remotes/origin/main [1ms]
2024-03-28 05:58:07.115 [info] > git status -z -uall [2ms]
2024-03-28 05:58:12.462 [info] > git show --textconv :insert_data.sh [12ms]
2024-03-28 05:58:12.463 [info] > git ls-files --stage -- /workspace/project/insert_data.sh [2ms]
2024-03-28 05:58:12.477 [info] > git cat-file -s c5ae640c15fdc710bb157f2bae6854a3a8f95f6c [1ms]
2024-03-28 05:58:33.728 [info] > git config --get commit.template [10ms]
2024-03-28 05:58:33.729 [info] > git for-each-ref --format=%(refname)%00%(upstream:short)%00%(objectname)%00%(upstream:track)%00%(upstream:remotename)%00%(upstream:remoteref) refs/heads/main refs/remotes/main [2ms]
2024-03-28 05:58:33.739 [warning] ENOENT: no such file or directory, open '/workspace/project/.git/refs/remotes/origin/main'
2024-03-28 05:58:33.741 [info] > git rev-parse refs/remotes/origin/main [2ms]
2024-03-28 05:58:33.751 [info] > git status -z -uall [1ms]
2024-03-28 05:58:39.455 [info] > git show --textconv :insert_data.sh [6ms]
2024-03-28 05:58:39.455 [info] > git ls-files --stage -- /workspace/project/insert_data.sh [1ms]
2024-03-28 05:58:39.462 [info] > git cat-file -s c5ae640c15fdc710bb157f2bae6854a3a8f95f6c [1ms]
2024-03-28 05:58:45.991 [info] > git config --get commit.template [9ms]
2024-03-28 05:58:45.991 [info] > git for-each-ref --format=%(refname)%00%(upstream:short)%00%(objectname)%00%(upstream:track)%00%(upstream:remotename)%00%(upstream:remoteref) refs/heads/main refs/remotes/main [1ms]
2024-03-28 05:58:46.002 [warning] ENOENT: no such file or directory, open '/workspace/project/.git/refs/remotes/origin/main'
2024-03-28 05:58:46.003 [info] > git rev-parse refs/remotes/origin/main [1ms]
2024-03-28 05:58:46.020 [info] > git status -z -uall [4ms]
2024-03-28 05:59:16.097 [info] > git show --textconv :insert_data.sh [11ms]
2024-03-28 05:59:16.098 [info] > git ls-files --stage -- /workspace/project/insert_data.sh [1ms]
2024-03-28 05:59:16.108 [info] > git cat-file -s c5ae640c15fdc710bb157f2bae6854a3a8f95f6c [2ms]
2024-03-28 05:59:36.782 [info] > git config --get commit.template [13ms]
2024-03-28 05:59:36.782 [info] > git for-each-ref --format=%(refname)%00%(upstream:short)%00%(objectname)%00%(upstream:track)%00%(upstream:remotename)%00%(upstream:remoteref) refs/heads/main refs/remotes/main [1ms]
2024-03-28 05:59:36.794 [warning] ENOENT: no such file or directory, open '/workspace/project/.git/refs/remotes/origin/main'
2024-03-28 05:59:36.795 [info] > git rev-parse refs/remotes/origin/main [1ms]
2024-03-28 05:59:36.807 [info] > git status -z -uall [2ms]
2024-03-28 05:59:48.473 [info] > git show --textconv :insert_data.sh [8ms]
2024-03-28 05:59:48.473 [info] > git ls-files --stage -- /workspace/project/insert_data.sh [1ms]
2024-03-28 05:59:48.483 [info] > git cat-file -s c5ae640c15fdc710bb157f2bae6854a3a8f95f6c [1ms]
2024-03-28 05:59:53.911 [info] > git show --textconv :insert_data.sh [6ms]
2024-03-28 05:59:53.912 [info] > git ls-files --stage -- /workspace/project/insert_data.sh [0ms]
2024-03-28 05:59:53.918 [info] > git cat-file -s c5ae640c15fdc710bb157f2bae6854a3a8f95f6c [1ms]
2024-03-28 05:59:57.184 [info] > git config --get commit.template [9ms]
2024-03-28 05:59:57.185 [info] > git for-each-ref --format=%(refname)%00%(upstream:short)%00%(objectname)%00%(upstream:track)%00%(upstream:remotename)%00%(upstream:remoteref) refs/heads/main refs/remotes/main [1ms]
2024-03-28 05:59:57.197 [warning] ENOENT: no such file or directory, open '/workspace/project/.git/refs/remotes/origin/main'
2024-03-28 05:59:57.198 [info] > git rev-parse refs/remotes/origin/main [2ms]
2024-03-28 05:59:57.207 [info] > git status -z -uall [2ms]
2024-03-28 06:00:26.400 [info] > git config --get commit.template [11ms]
2024-03-28 06:00:26.400 [info] > git for-each-ref --format=%(refname)%00%(upstream:short)%00%(objectname)%00%(upstream:track)%00%(upstream:remotename)%00%(upstream:remoteref) refs/heads/main refs/remotes/main [1ms]
2024-03-28 06:00:26.407 [warning] ENOENT: no such file or directory, open '/workspace/project/.git/refs/remotes/origin/main'
2024-03-28 06:00:26.408 [info] > git rev-parse refs/remotes/origin/main [1ms]
2024-03-28 06:00:26.415 [info] > git status -z -uall [2ms]
2024-03-28 06:00:31.432 [info] > git config --get commit.template [7ms]
2024-03-28 06:00:31.432 [info] > git for-each-ref --format=%(refname)%00%(upstream:short)%00%(objectname)%00%(upstream:track)%00%(upstream:remotename)%00%(upstream:remoteref) refs/heads/main refs/remotes/main [1ms]
2024-03-28 06:00:31.438 [warning] ENOENT: no such file or directory, open '/workspace/project/.git/refs/remotes/origin/main'
2024-03-28 06:00:31.439 [info] > git rev-parse refs/remotes/origin/main [1ms]
2024-03-28 06:00:31.446 [info] > git status -z -uall [1ms]
2024-03-28 06:00:39.024 [info] > git show --textconv :games.csv [6ms]
2024-03-28 06:00:39.025 [info] > git ls-files --stage -- /workspace/project/games.csv [1ms]
2024-03-28 06:00:39.033 [info] > git cat-file -s 40a829cf638bf96aee92778f327f925d9003a04e [1ms]
2024-03-28 06:01:12.990 [info] > git show --textconv :insert_data.sh [7ms]
2024-03-28 06:01:12.991 [info] > git ls-files --stage -- /workspace/project/insert_data.sh [1ms]
2024-03-28 06:01:12.997 [info] > git cat-file -s c5ae640c15fdc710bb157f2bae6854a3a8f95f6c [1ms]
2024-03-28 06:01:45.818 [info] > git config --get commit.template [9ms]
2024-03-28 06:01:45.819 [info] > git for-each-ref --format=%(refname)%00%(upstream:short)%00%(objectname)%00%(upstream:track)%00%(upstream:remotename)%00%(upstream:remoteref) refs/heads/main refs/remotes/main [1ms]
2024-03-28 06:01:45.825 [warning] ENOENT: no such file or directory, open '/workspace/project/.git/refs/remotes/origin/main'
2024-03-28 06:01:45.826 [info] > git rev-parse refs/remotes/origin/main [1ms]
2024-03-28 06:01:45.833 [info] > git status -z -uall [2ms]
2024-03-28 06:01:50.857 [info] > git config --get commit.template [11ms]
2024-03-28 06:01:50.857 [info] > git for-each-ref --format=%(refname)%00%(upstream:short)%00%(objectname)%00%(upstream:track)%00%(upstream:remotename)%00%(upstream:remoteref) refs/heads/main refs/remotes/main [1ms]
2024-03-28 06:01:50.867 [warning] ENOENT: no such file or directory, open '/workspace/project/.git/refs/remotes/origin/main'
2024-03-28 06:01:50.868 [info] > git rev-parse refs/remotes/origin/main [1ms]
2024-03-28 06:01:50.880 [info] > git status -z -uall [2ms]
2024-03-28 06:02:04.263 [info] > git config --local branch.main.github-pr-owner-number [1ms]
2024-03-28 06:02:04.263 [warning] git config failed: Failed to execute git
2024-03-28 06:02:34.803 [info] > git config --get commit.template [10ms]
2024-03-28 06:02:34.803 [info] > git for-each-ref --format=%(refname)%00%(upstream:short)%00%(objectname)%00%(upstream:track)%00%(upstream:remotename)%00%(upstream:remoteref) refs/heads/main refs/remotes/main [1ms]
2024-03-28 06:02:34.809 [warning] ENOENT: no such file or directory, open '/workspace/project/.git/refs/remotes/origin/main'
2024-03-28 06:02:34.810 [info] > git rev-parse refs/remotes/origin/main [1ms]
2024-03-28 06:02:34.818 [info] > git status -z -uall [1ms]
2024-03-28 06:02:39.833 [info] > git config --get commit.template [6ms]
2024-03-28 06:02:39.834 [info] > git for-each-ref --format=%(refname)%00%(upstream:short)%00%(objectname)%00%(upstream:track)%00%(upstream:remotename)%00%(upstream:remoteref) refs/heads/main refs/remotes/main [2ms]
2024-03-28 06:02:39.839 [warning] ENOENT: no such file or directory, open '/workspace/project/.git/refs/remotes/origin/main'
2024-03-28 06:02:39.840 [info] > git rev-parse refs/remotes/origin/main [1ms]
2024-03-28 06:02:39.847 [info] > git status -z -uall [1ms]
2024-03-28 06:02:44.867 [info] > git config --get commit.template [8ms]
2024-03-28 06:02:44.869 [info] > git for-each-ref --format=%(refname)%00%(upstream:short)%00%(objectname)%00%(upstream:track)%00%(upstream:remotename)%00%(upstream:remoteref) refs/heads/main refs/remotes/main [2ms]
2024-03-28 06:02:44.875 [warning] ENOENT: no such file or directory, open '/workspace/project/.git/refs/remotes/origin/main'
2024-03-28 06:02:44.876 [info] > git rev-parse refs/remotes/origin/main [1ms]
2024-03-28 06:02:44.883 [info] > git status -z -uall [1ms]
2024-03-28 06:02:52.015 [info] > git show --textconv :games.csv [13ms]
2024-03-28 06:02:52.016 [info] > git ls-files --stage -- /workspace/project/games.csv [1ms]
2024-03-28 06:02:52.030 [info] > git cat-file -s 40a829cf638bf96aee92778f327f925d9003a04e [2ms]
2024-03-28 06:03:15.939 [info] > git show --textconv :insert_data.sh [8ms]
2024-03-28 06:03:15.940 [info] > git ls-files --stage -- /workspace/project/insert_data.sh [1ms]
2024-03-28 06:03:15.947 [info] > git cat-file -s c5ae640c15fdc710bb157f2bae6854a3a8f95f6c [1ms]
2024-03-28 06:03:21.259 [info] > git config --get commit.template [7ms]
2024-03-28 06:03:21.260 [info] > git for-each-ref --format=%(refname)%00%(upstream:short)%00%(objectname)%00%(upstream:track)%00%(upstream:remotename)%00%(upstream:remoteref) refs/heads/main refs/remotes/main [2ms]
2024-03-28 06:03:21.266 [warning] ENOENT: no such file or directory, open '/workspace/project/.git/refs/remotes/origin/main'
2024-03-28 06:03:21.266 [info] > git rev-parse refs/remotes/origin/main [1ms]
2024-03-28 06:03:21.274 [info] > git status -z -uall [2ms]
2024-03-28 06:03:26.293 [info] > git config --get commit.template [7ms]
2024-03-28 06:03:26.293 [info] > git for-each-ref --format=%(refname)%00%(upstream:short)%00%(objectname)%00%(upstream:track)%00%(upstream:remotename)%00%(upstream:remoteref) refs/heads/main refs/remotes/main [1ms]
2024-03-28 06:03:26.299 [warning] ENOENT: no such file or directory, open '/workspace/project/.git/refs/remotes/origin/main'
2024-03-28 06:03:26.300 [info] > git rev-parse refs/remotes/origin/main [1ms]
2024-03-28 06:03:26.308 [info] > git status -z -uall [2ms]
2024-03-28 06:04:12.226 [info] > git config --get commit.template [6ms]
2024-03-28 06:04:12.226 [info] > git for-each-ref --format=%(refname)%00%(upstream:short)%00%(objectname)%00%(upstream:track)%00%(upstream:remotename)%00%(upstream:remoteref) refs/heads/main refs/remotes/main [1ms]
2024-03-28 06:04:12.231 [warning] ENOENT: no such file or directory, open '/workspace/project/.git/refs/remotes/origin/main'
2024-03-28 06:04:12.232 [info] > git rev-parse refs/remotes/origin/main [1ms]
2024-03-28 06:04:12.239 [info] > git status -z -uall [1ms]
2024-03-28 06:04:17.265 [info] > git config --get commit.template [11ms]
2024-03-28 06:04:17.266 [info] > git for-each-ref --format=%(refname)%00%(upstream:short)%00%(objectname)%00%(upstream:track)%00%(upstream:remotename)%00%(upstream:remoteref) refs/heads/main refs/remotes/main [1ms]
2024-03-28 06:04:17.276 [warning] ENOENT: no such file or directory, open '/workspace/project/.git/refs/remotes/origin/main'
2024-03-28 06:04:17.277 [info] > git rev-parse refs/remotes/origin/main [1ms]
2024-03-28 06:04:17.288 [info] > git status -z -uall [1ms]
2024-03-28 06:04:22.305 [info] > git config --get commit.template [6ms]
2024-03-28 06:04:22.305 [info] > git for-each-ref --format=%(refname)%00%(upstream:short)%00%(objectname)%00%(upstream:track)%00%(upstream:remotename)%00%(upstream:remoteref) refs/heads/main refs/remotes/main [1ms]
2024-03-28 06:04:22.314 [warning] ENOENT: no such file or directory, open '/workspace/project/.git/refs/remotes/origin/main'
2024-03-28 06:04:22.315 [info] > git rev-parse refs/remotes/origin/main [1ms]
2024-03-28 06:04:22.327 [info] > git status -z -uall [2ms]
2024-03-28 06:04:43.489 [info] > git show --textconv :games.csv [12ms]
2024-03-28 06:04:43.489 [info] > git ls-files --stage -- /workspace/project/games.csv [1ms]
2024-03-28 06:04:43.499 [info] > git cat-file -s 40a829cf638bf96aee92778f327f925d9003a04e [1ms]
2024-03-28 06:04:43.674 [info] > git config --get commit.template [7ms]
2024-03-28 06:04:43.675 [info] > git for-each-ref --format=%(refname)%00%(upstream:short)%00%(objectname)%00%(upstream:track)%00%(upstream:remotename)%00%(upstream:remoteref) refs/heads/main refs/remotes/main [2ms]
2024-03-28 06:04:43.680 [warning] ENOENT: no such file or directory, open '/workspace/project/.git/refs/remotes/origin/main'
2024-03-28 06:04:43.681 [info] > git rev-parse refs/remotes/origin/main [1ms]
2024-03-28 06:04:43.692 [info] > git status -z -uall [1ms]
2024-03-28 06:05:12.969 [info] > git show --textconv :insert_data.sh [7ms]
2024-03-28 06:05:12.970 [info] > git ls-files --stage -- /workspace/project/insert_data.sh [1ms]
2024-03-28 06:05:12.976 [info] > git cat-file -s c5ae640c15fdc710bb157f2bae6854a3a8f95f6c [1ms]
2024-03-28 06:05:16.251 [info] > git config --get commit.template [6ms]
2024-03-28 06:05:16.252 [info] > git for-each-ref --format=%(refname)%00%(upstream:short)%00%(objectname)%00%(upstream:track)%00%(upstream:remotename)%00%(upstream:remoteref) refs/heads/main refs/remotes/main [1ms]
2024-03-28 06:05:16.258 [warning] ENOENT: no such file or directory, open '/workspace/project/.git/refs/remotes/origin/main'
2024-03-28 06:05:16.259 [info] > git rev-parse refs/remotes/origin/main [1ms]
2024-03-28 06:05:16.266 [info] > git status -z -uall [2ms]
2024-03-28 06:05:21.284 [info] > git config --get commit.template [6ms]
2024-03-28 06:05:21.285 [info] > git for-each-ref --format=%(refname)%00%(upstream:short)%00%(objectname)%00%(upstream:track)%00%(upstream:remotename)%00%(upstream:remoteref) refs/heads/main refs/remotes/main [1ms]
2024-03-28 06:05:21.291 [warning] ENOENT: no such file or directory, open '/workspace/project/.git/refs/remotes/origin/main'
2024-03-28 06:05:21.292 [info] > git rev-parse refs/remotes/origin/main [0ms]
2024-03-28 06:05:21.299 [info] > git status -z -uall [2ms]
2024-03-28 06:05:51.355 [info] > git show --textconv :games.csv [12ms]
2024-03-28 06:05:51.356 [info] > git ls-files --stage -- /workspace/project/games.csv [2ms]
2024-03-28 06:05:51.367 [info] > git cat-file -s 40a829cf638bf96aee92778f327f925d9003a04e [1ms]
2024-03-28 06:05:51.825 [info] > git config --get commit.template [11ms]
2024-03-28 06:05:51.825 [info] > git for-each-ref --format=%(refname)%00%(upstream:short)%00%(objectname)%00%(upstream:track)%00%(upstream:remotename)%00%(upstream:remoteref) refs/heads/main refs/remotes/main [1ms]
2024-03-28 06:05:51.840 [warning] ENOENT: no such file or directory, open '/workspace/project/.git/refs/remotes/origin/main'
2024-03-28 06:05:51.841 [info] > git rev-parse refs/remotes/origin/main [1ms]
2024-03-28 06:05:51.850 [info] > git status -z -uall [2ms]
2024-03-28 06:05:57.575 [info] > git show --textconv :insert_data.sh [6ms]
2024-03-28 06:05:57.576 [info] > git ls-files --stage -- /workspace/project/insert_data.sh [2ms]
2024-03-28 06:05:57.582 [info] > git cat-file -s c5ae640c15fdc710bb157f2bae6854a3a8f95f6c [1ms]
2024-03-28 06:06:03.296 [info] > git config --get commit.template [8ms]
2024-03-28 06:06:03.296 [info] > git for-each-ref --format=%(refname)%00%(upstream:short)%00%(objectname)%00%(upstream:track)%00%(upstream:remotename)%00%(upstream:remoteref) refs/heads/main refs/remotes/main [1ms]
2024-03-28 06:06:03.302 [warning] ENOENT: no such file or directory, open '/workspace/project/.git/refs/remotes/origin/main'
2024-03-28 06:06:03.303 [info] > git rev-parse refs/remotes/origin/main [1ms]
2024-03-28 06:06:03.310 [info] > git status -z -uall [1ms]
2024-03-28 06:06:34.566 [info] > git config --get commit.template [7ms]
2024-03-28 06:06:34.566 [info] > git for-each-ref --format=%(refname)%00%(upstream:short)%00%(objectname)%00%(upstream:track)%00%(upstream:remotename)%00%(upstream:remoteref) refs/heads/main refs/remotes/main [1ms]
2024-03-28 06:06:34.572 [warning] ENOENT: no such file or directory, open '/workspace/project/.git/refs/remotes/origin/main'
2024-03-28 06:06:34.573 [info] > git rev-parse refs/remotes/origin/main [1ms]
2024-03-28 06:06:34.580 [info] > git status -z -uall [1ms]
2024-03-28 06:06:55.799 [info] > git config --get commit.template [6ms]
2024-03-28 06:06:55.800 [info] > git for-each-ref --format=%(refname)%00%(upstream:short)%00%(objectname)%00%(upstream:track)%00%(upstream:remotename)%00%(upstream:remoteref) refs/heads/main refs/remotes/main [1ms]
2024-03-28 06:06:55.805 [warning] ENOENT: no such file or directory, open '/workspace/project/.git/refs/remotes/origin/main'
2024-03-28 06:06:55.806 [info] > git rev-parse refs/remotes/origin/main [1ms]
2024-03-28 06:06:55.814 [info] > git status -z -uall [1ms]
2024-03-28 06:07:04.274 [info] > git config --local branch.main.github-pr-owner-number [1ms]
2024-03-28 06:07:04.274 [warning] git config failed: Failed to execute git
2024-03-28 06:07:07.284 [info] > git config --get commit.template [6ms]
2024-03-28 06:07:07.285 [info] > git for-each-ref --format=%(refname)%00%(upstream:short)%00%(objectname)%00%(upstream:track)%00%(upstream:remotename)%00%(upstream:remoteref) refs/heads/main refs/remotes/main [2ms]
2024-03-28 06:07:07.291 [warning] ENOENT: no such file or directory, open '/workspace/project/.git/refs/remotes/origin/main'
2024-03-28 06:07:07.292 [info] > git rev-parse refs/remotes/origin/main [1ms]
2024-03-28 06:07:07.299 [info] > git status -z -uall [2ms]
2024-03-28 06:07:27.245 [info] > git show --textconv :queries.sh [6ms]
2024-03-28 06:07:27.246 [info] > git ls-files --stage -- /workspace/project/queries.sh [1ms]
2024-03-28 06:07:27.253 [info] > git cat-file -s e5a5dad9fafd7fe928511d82397176d8ac27e9cb [2ms]
2024-03-28 06:08:15.607 [info] > git show --textconv :insert_data.sh [11ms]
2024-03-28 06:08:15.608 [info] > git ls-files --stage -- /workspace/project/insert_data.sh [1ms]
2024-03-28 06:08:15.619 [info] > git cat-file -s c5ae640c15fdc710bb157f2bae6854a3a8f95f6c [1ms]
2024-03-28 06:08:21.175 [info] > git show --textconv :queries.sh [7ms]
2024-03-28 06:08:21.176 [info] > git ls-files --stage -- /workspace/project/queries.sh [1ms]
2024-03-28 06:08:21.182 [info] > git cat-file -s e5a5dad9fafd7fe928511d82397176d8ac27e9cb [1ms]
2024-03-28 06:08:24.731 [info] > git config --get commit.template [12ms]
2024-03-28 06:08:24.732 [info] > git for-each-ref --format=%(refname)%00%(upstream:short)%00%(objectname)%00%(upstream:track)%00%(upstream:remotename)%00%(upstream:remoteref) refs/heads/main refs/remotes/main [2ms]
2024-03-28 06:08:24.742 [warning] ENOENT: no such file or directory, open '/workspace/project/.git/refs/remotes/origin/main'
2024-03-28 06:08:24.744 [info] > git rev-parse refs/remotes/origin/main [1ms]
2024-03-28 06:08:24.756 [info] > git status -z -uall [2ms]
2024-03-28 06:08:29.781 [info] > git config --get commit.template [10ms]
2024-03-28 06:08:29.781 [info] > git for-each-ref --format=%(refname)%00%(upstream:short)%00%(objectname)%00%(upstream:track)%00%(upstream:remotename)%00%(upstream:remoteref) refs/heads/main refs/remotes/main [1ms]
2024-03-28 06:08:29.791 [warning] ENOENT: no such file or directory, open '/workspace/project/.git/refs/remotes/origin/main'
2024-03-28 06:08:29.793 [info] > git rev-parse refs/remotes/origin/main [1ms]
2024-03-28 06:08:29.803 [info] > git status -z -uall [1ms]
2024-03-28 06:08:36.502 [info] > git config --get commit.template [7ms]
2024-03-28 06:08:36.503 [info] > git for-each-ref --format=%(refname)%00%(upstream:short)%00%(objectname)%00%(upstream:track)%00%(upstream:remotename)%00%(upstream:remoteref) refs/heads/main refs/remotes/main [1ms]
2024-03-28 06:08:36.508 [warning] ENOENT: no such file or directory, open '/workspace/project/.git/refs/remotes/origin/main'
2024-03-28 06:08:36.509 [info] > git rev-parse refs/remotes/origin/main [1ms]
2024-03-28 06:08:36.521 [info] > git status -z -uall [2ms]
2024-03-28 06:09:17.319 [info] > git show --textconv :games.csv [10ms]
2024-03-28 06:09:17.320 [info] > git ls-files --stage -- /workspace/project/games.csv [1ms]
2024-03-28 06:09:17.331 [info] > git cat-file -s 40a829cf638bf96aee92778f327f925d9003a04e [1ms]
2024-03-28 06:09:17.845 [info] > git show --textconv :insert_data.sh [6ms]
2024-03-28 06:09:17.846 [info] > git ls-files --stage -- /workspace/project/insert_data.sh [2ms]
2024-03-28 06:09:17.852 [info] > git cat-file -s c5ae640c15fdc710bb157f2bae6854a3a8f95f6c [1ms]
2024-03-28 06:09:21.205 [info] > git config --get commit.template [11ms]
2024-03-28 06:09:21.206 [info] > git for-each-ref --format=%(refname)%00%(upstream:short)%00%(objectname)%00%(upstream:track)%00%(upstream:remotename)%00%(upstream:remoteref) refs/heads/main refs/remotes/main [1ms]
2024-03-28 06:09:21.216 [warning] ENOENT: no such file or directory, open '/workspace/project/.git/refs/remotes/origin/main'
2024-03-28 06:09:21.217 [info] > git rev-parse refs/remotes/origin/main [1ms]
2024-03-28 06:09:21.227 [info] > git status -z -uall [1ms]
2024-03-28 06:09:31.962 [info] > git config --get commit.template [7ms]
2024-03-28 06:09:31.962 [info] > git for-each-ref --format=%(refname)%00%(upstream:short)%00%(objectname)%00%(upstream:track)%00%(upstream:remotename)%00%(upstream:remoteref) refs/heads/main refs/remotes/main [1ms]
2024-03-28 06:09:31.968 [warning] ENOENT: no such file or directory, open '/workspace/project/.git/refs/remotes/origin/main'
2024-03-28 06:09:31.969 [info] > git rev-parse refs/remotes/origin/main [1ms]
2024-03-28 06:09:31.975 [info] > git status -z -uall [1ms]
2024-03-28 06:10:25.753 [info] > git config --get commit.template [7ms]
2024-03-28 06:10:25.753 [info] > git for-each-ref --format=%(refname)%00%(upstream:short)%00%(objectname)%00%(upstream:track)%00%(upstream:remotename)%00%(upstream:remoteref) refs/heads/main refs/remotes/main [1ms]
2024-03-28 06:10:25.761 [warning] ENOENT: no such file or directory, open '/workspace/project/.git/refs/remotes/origin/main'
2024-03-28 06:10:25.763 [info] > git rev-parse refs/remotes/origin/main [1ms]
2024-03-28 06:10:25.771 [info] > git status -z -uall [1ms]
2024-03-28 06:10:45.743 [info] > git config --get commit.template [17ms]
2024-03-28 06:10:45.744 [info] > git for-each-ref --format=%(refname)%00%(upstream:short)%00%(objectname)%00%(upstream:track)%00%(upstream:remotename)%00%(upstream:remoteref) refs/heads/main refs/remotes/main [2ms]
2024-03-28 06:10:45.752 [warning] ENOENT: no such file or directory, open '/workspace/project/.git/refs/remotes/origin/main'
2024-03-28 06:10:45.754 [info] > git rev-parse refs/remotes/origin/main [1ms]
2024-03-28 06:10:45.765 [info] > git status -z -uall [1ms]
2024-03-28 06:11:19.725 [info] > git show --textconv :insert_data.sh [22ms]
2024-03-28 06:11:19.725 [info] > git ls-files --stage -- /workspace/project/insert_data.sh [2ms]
2024-03-28 06:11:19.744 [info] > git cat-file -s c5ae640c15fdc710bb157f2bae6854a3a8f95f6c [1ms]
2024-03-28 06:11:28.074 [info] > git config --get commit.template [14ms]
2024-03-28 06:11:28.074 [info] > git for-each-ref --format=%(refname)%00%(upstream:short)%00%(objectname)%00%(upstream:track)%00%(upstream:remotename)%00%(upstream:remoteref) refs/heads/main refs/remotes/main [1ms]
2024-03-28 06:11:28.085 [warning] ENOENT: no such file or directory, open '/workspace/project/.git/refs/remotes/origin/main'
2024-03-28 06:11:28.086 [info] > git rev-parse refs/remotes/origin/main [1ms]
2024-03-28 06:11:28.098 [info] > git status -z -uall [1ms]
2024-03-28 06:11:33.127 [info] > git config --get commit.template [12ms]
2024-03-28 06:11:33.128 [info] > git for-each-ref --format=%(refname)%00%(upstream:short)%00%(objectname)%00%(upstream:track)%00%(upstream:remotename)%00%(upstream:remoteref) refs/heads/main refs/remotes/main [2ms]
2024-03-28 06:11:33.141 [warning] ENOENT: no such file or directory, open '/workspace/project/.git/refs/remotes/origin/main'
2024-03-28 06:11:33.142 [info] > git rev-parse refs/remotes/origin/main [1ms]
2024-03-28 06:11:33.158 [info] > git status -z -uall [2ms]
2024-03-28 06:12:04.286 [info] > git config --local branch.main.github-pr-owner-number [1ms]
2024-03-28 06:12:04.287 [warning] git config failed: Failed to execute git
2024-03-28 06:12:05.380 [info] > git config --get commit.template [6ms]
2024-03-28 06:12:05.380 [info] > git for-each-ref --format=%(refname)%00%(upstream:short)%00%(objectname)%00%(upstream:track)%00%(upstream:remotename)%00%(upstream:remoteref) refs/heads/main refs/remotes/main [1ms]
2024-03-28 06:12:05.386 [warning] ENOENT: no such file or directory, open '/workspace/project/.git/refs/remotes/origin/main'
2024-03-28 06:12:05.387 [info] > git rev-parse refs/remotes/origin/main [1ms]
2024-03-28 06:12:05.394 [info] > git status -z -uall [1ms]
2024-03-28 06:12:11.662 [info] > git config --get commit.template [7ms]
2024-03-28 06:12:11.662 [info] > git for-each-ref --format=%(refname)%00%(upstream:short)%00%(objectname)%00%(upstream:track)%00%(upstream:remotename)%00%(upstream:remoteref) refs/heads/main refs/remotes/main [1ms]
2024-03-28 06:12:11.668 [warning] ENOENT: no such file or directory, open '/workspace/project/.git/refs/remotes/origin/main'
2024-03-28 06:12:11.670 [info] > git rev-parse refs/remotes/origin/main [2ms]
2024-03-28 06:12:11.678 [info] > git status -z -uall [2ms]
2024-03-28 06:12:16.702 [info] > git config --get commit.template [10ms]
2024-03-28 06:12:16.703 [info] > git for-each-ref --format=%(refname)%00%(upstream:short)%00%(objectname)%00%(upstream:track)%00%(upstream:remotename)%00%(upstream:remoteref) refs/heads/main refs/remotes/main [1ms]
2024-03-28 06:12:16.713 [warning] ENOENT: no such file or directory, open '/workspace/project/.git/refs/remotes/origin/main'
2024-03-28 06:12:16.714 [info] > git rev-parse refs/remotes/origin/main [1ms]
2024-03-28 06:12:16.726 [info] > git status -z -uall [2ms]
2024-03-28 06:12:24.123 [info] > git config --get commit.template [6ms]
2024-03-28 06:12:24.124 [info] > git for-each-ref --format=%(refname)%00%(upstream:short)%00%(objectname)%00%(upstream:track)%00%(upstream:remotename)%00%(upstream:remoteref) refs/heads/main refs/remotes/main [1ms]
2024-03-28 06:12:24.129 [warning] ENOENT: no such file or directory, open '/workspace/project/.git/refs/remotes/origin/main'
2024-03-28 06:12:24.130 [info] > git rev-parse refs/remotes/origin/main [1ms]
2024-03-28 06:12:24.137 [info] > git status -z -uall [1ms]
2024-03-28 06:12:29.154 [info] > git config --get commit.template [6ms]
2024-03-28 06:12:29.155 [info] > git for-each-ref --format=%(refname)%00%(upstream:short)%00%(objectname)%00%(upstream:track)%00%(upstream:remotename)%00%(upstream:remoteref) refs/heads/main refs/remotes/main [2ms]
2024-03-28 06:12:29.160 [warning] ENOENT: no such file or directory, open '/workspace/project/.git/refs/remotes/origin/main'
2024-03-28 06:12:29.161 [info] > git rev-parse refs/remotes/origin/main [1ms]
2024-03-28 06:12:29.168 [info] > git status -z -uall [2ms]
2024-03-28 06:12:41.571 [info] > git config --get commit.template [1ms]
2024-03-28 06:12:41.579 [info] > git for-each-ref --format=%(refname)%00%(upstream:short)%00%(objectname)%00%(upstream:track)%00%(upstream:remotename)%00%(upstream:remoteref) refs/heads/main refs/remotes/main [1ms]
2024-03-28 06:12:41.584 [warning] ENOENT: no such file or directory, open '/workspace/project/.git/refs/remotes/origin/main'
2024-03-28 06:12:41.585 [info] > git rev-parse refs/remotes/origin/main [1ms]
2024-03-28 06:12:41.592 [info] > git status -z -uall [2ms]
2024-03-28 06:12:51.404 [info] > git config --get commit.template [6ms]
2024-03-28 06:12:51.405 [info] > git for-each-ref --format=%(refname)%00%(upstream:short)%00%(objectname)%00%(upstream:track)%00%(upstream:remotename)%00%(upstream:remoteref) refs/heads/main refs/remotes/main [2ms]
2024-03-28 06:12:51.411 [warning] ENOENT: no such file or directory, open '/workspace/project/.git/refs/remotes/origin/main'
2024-03-28 06:12:51.412 [info] > git rev-parse refs/remotes/origin/main [1ms]
2024-03-28 06:12:51.419 [info] > git status -z -uall [2ms]
2024-03-28 06:12:56.436 [info] > git config --get commit.template [7ms]
2024-03-28 06:12:56.436 [info] > git for-each-ref --format=%(refname)%00%(upstream:short)%00%(objectname)%00%(upstream:track)%00%(upstream:remotename)%00%(upstream:remoteref) refs/heads/main refs/remotes/main [1ms]
2024-03-28 06:12:56.442 [warning] ENOENT: no such file or directory, open '/workspace/project/.git/refs/remotes/origin/main'
2024-03-28 06:12:56.443 [info] > git rev-parse refs/remotes/origin/main [1ms]
2024-03-28 06:12:56.450 [info] > git status -z -uall [2ms]
2024-03-28 06:13:01.467 [info] > git config --get commit.template [6ms]
2024-03-28 06:13:01.468 [info] > git for-each-ref --format=%(refname)%00%(upstream:short)%00%(objectname)%00%(upstream:track)%00%(upstream:remotename)%00%(upstream:remoteref) refs/heads/main refs/remotes/main [1ms]
2024-03-28 06:13:01.475 [warning] ENOENT: no such file or directory, open '/workspace/project/.git/refs/remotes/origin/main'
2024-03-28 06:13:01.476 [info] > git rev-parse refs/remotes/origin/main [0ms]
2024-03-28 06:13:01.483 [info] > git status -z -uall [2ms]
2024-03-28 06:13:06.502 [info] > git config --get commit.template [8ms]
2024-03-28 06:13:06.503 [info] > git for-each-ref --format=%(refname)%00%(upstream:short)%00%(objectname)%00%(upstream:track)%00%(upstream:remotename)%00%(upstream:remoteref) refs/heads/main refs/remotes/main [1ms]
2024-03-28 06:13:06.510 [warning] ENOENT: no such file or directory, open '/workspace/project/.git/refs/remotes/origin/main'
2024-03-28 06:13:06.511 [info] > git rev-parse refs/remotes/origin/main [1ms]
2024-03-28 06:13:06.519 [info] > git status -z -uall [2ms]
2024-03-28 06:14:04.580 [info] > git config --get commit.template [7ms]
2024-03-28 06:14:04.580 [info] > git for-each-ref --format=%(refname)%00%(upstream:short)%00%(objectname)%00%(upstream:track)%00%(upstream:remotename)%00%(upstream:remoteref) refs/heads/main refs/remotes/main [1ms]
2024-03-28 06:14:04.587 [warning] ENOENT: no such file or directory, open '/workspace/project/.git/refs/remotes/origin/main'
2024-03-28 06:14:04.588 [info] > git rev-parse refs/remotes/origin/main [1ms]
2024-03-28 06:14:04.595 [info] > git status -z -uall [2ms]
2024-03-28 06:14:09.613 [info] > git config --get commit.template [6ms]
2024-03-28 06:14:09.614 [info] > git for-each-ref --format=%(refname)%00%(upstream:short)%00%(objectname)%00%(upstream:track)%00%(upstream:remotename)%00%(upstream:remoteref) refs/heads/main refs/remotes/main [1ms]
2024-03-28 06:14:09.619 [warning] ENOENT: no such file or directory, open '/workspace/project/.git/refs/remotes/origin/main'
2024-03-28 06:14:09.620 [info] > git rev-parse refs/remotes/origin/main [1ms]
2024-03-28 06:14:09.627 [info] > git status -z -uall [2ms]
2024-03-28 06:14:41.236 [info] > git show --textconv :games.csv [12ms]
2024-03-28 06:14:41.237 [info] > git ls-files --stage -- /workspace/project/games.csv [2ms]
2024-03-28 06:14:41.244 [info] > git cat-file -s 40a829cf638bf96aee92778f327f925d9003a04e [1ms]
2024-03-28 06:14:41.992 [info] > git show --textconv :insert_data.sh [6ms]
2024-03-28 06:14:41.992 [info] > git ls-files --stage -- /workspace/project/insert_data.sh [1ms]
2024-03-28 06:14:41.998 [info] > git cat-file -s c5ae640c15fdc710bb157f2bae6854a3a8f95f6c [1ms]
2024-03-28 06:14:46.157 [info] > git config --get commit.template [10ms]
2024-03-28 06:14:46.158 [info] > git for-each-ref --format=%(refname)%00%(upstream:short)%00%(objectname)%00%(upstream:track)%00%(upstream:remotename)%00%(upstream:remoteref) refs/heads/main refs/remotes/main [1ms]
2024-03-28 06:14:46.167 [warning] ENOENT: no such file or directory, open '/workspace/project/.git/refs/remotes/origin/main'
2024-03-28 06:14:46.168 [info] > git rev-parse refs/remotes/origin/main [1ms]
2024-03-28 06:14:46.179 [info] > git status -z -uall [2ms]
2024-03-28 06:14:51.204 [info] > git config --get commit.template [11ms]
2024-03-28 06:14:51.204 [info] > git for-each-ref --format=%(refname)%00%(upstream:short)%00%(objectname)%00%(upstream:track)%00%(upstream:remotename)%00%(upstream:remoteref) refs/heads/main refs/remotes/main [1ms]
2024-03-28 06:14:51.211 [warning] ENOENT: no such file or directory, open '/workspace/project/.git/refs/remotes/origin/main'
2024-03-28 06:14:51.212 [info] > git rev-parse refs/remotes/origin/main [0ms]
2024-03-28 06:14:51.221 [info] > git status -z -uall [2ms]
2024-03-28 06:15:30.238 [info] > git show --textconv :games.csv [7ms]
2024-03-28 06:15:30.239 [info] > git ls-files --stage -- /workspace/project/games.csv [1ms]
2024-03-28 06:15:30.251 [info] > git cat-file -s 40a829cf638bf96aee92778f327f925d9003a04e [2ms]
2024-03-28 06:15:30.799 [info] > git show --textconv :insert_data.sh [7ms]
2024-03-28 06:15:30.801 [info] > git ls-files --stage -- /workspace/project/insert_data.sh [1ms]
2024-03-28 06:15:30.808 [info] > git cat-file -s c5ae640c15fdc710bb157f2bae6854a3a8f95f6c [1ms]
2024-03-28 06:15:39.446 [info] > git config --get commit.template [6ms]
2024-03-28 06:15:39.446 [info] > git for-each-ref --format=%(refname)%00%(upstream:short)%00%(objectname)%00%(upstream:track)%00%(upstream:remotename)%00%(upstream:remoteref) refs/heads/main refs/remotes/main [1ms]
2024-03-28 06:15:39.452 [warning] ENOENT: no such file or directory, open '/workspace/project/.git/refs/remotes/origin/main'
2024-03-28 06:15:39.453 [info] > git rev-parse refs/remotes/origin/main [1ms]
2024-03-28 06:15:39.459 [info] > git status -z -uall [1ms]
2024-03-28 06:15:44.480 [info] > git config --get commit.template [7ms]
2024-03-28 06:15:44.481 [info] > git for-each-ref --format=%(refname)%00%(upstream:short)%00%(objectname)%00%(upstream:track)%00%(upstream:remotename)%00%(upstream:remoteref) refs/heads/main refs/remotes/main [2ms]
2024-03-28 06:15:44.487 [warning] ENOENT: no such file or directory, open '/workspace/project/.git/refs/remotes/origin/main'
2024-03-28 06:15:44.487 [info] > git rev-parse refs/remotes/origin/main [1ms]
2024-03-28 06:15:44.494 [info] > git status -z -uall [1ms]
2024-03-28 06:16:21.943 [info] > git show --textconv :queries.sh [9ms]
2024-03-28 06:16:21.944 [info] > git ls-files --stage -- /workspace/project/queries.sh [2ms]
2024-03-28 06:16:21.951 [info] > git cat-file -s e5a5dad9fafd7fe928511d82397176d8ac27e9cb [1ms]
2024-03-28 06:16:22.639 [info] > git show --textconv :insert_data.sh [11ms]
2024-03-28 06:16:22.640 [info] > git ls-files --stage -- /workspace/project/insert_data.sh [1ms]
2024-03-28 06:16:22.648 [info] > git cat-file -s c5ae640c15fdc710bb157f2bae6854a3a8f95f6c [1ms]
2024-03-28 06:16:50.351 [info] > git show --textconv :games.csv [7ms]
2024-03-28 06:16:50.352 [info] > git ls-files --stage -- /workspace/project/games.csv [1ms]
2024-03-28 06:16:50.358 [info] > git cat-file -s 40a829cf638bf96aee92778f327f925d9003a04e [1ms]
2024-03-28 06:16:52.860 [info] > git show --textconv :games.csv [6ms]
2024-03-28 06:16:52.861 [info] > git ls-files --stage -- /workspace/project/games.csv [1ms]
2024-03-28 06:16:52.868 [info] > git cat-file -s 40a829cf638bf96aee92778f327f925d9003a04e [1ms]
2024-03-28 06:16:53.666 [info] > git show --textconv :games.csv [11ms]
2024-03-28 06:16:53.667 [info] > git ls-files --stage -- /workspace/project/games.csv [1ms]
2024-03-28 06:16:53.678 [info] > git cat-file -s 40a829cf638bf96aee92778f327f925d9003a04e [1ms]
2024-03-28 06:16:54.373 [info] > git show --textconv :expected_output.txt [11ms]
2024-03-28 06:16:54.374 [info] > git ls-files --stage -- /workspace/project/expected_output.txt [1ms]
2024-03-28 06:16:54.385 [info] > git cat-file -s 526632f98494b9662b3692d59c689fb3402cd2c1 [1ms]
2024-03-28 06:16:55.416 [info] > git show --textconv :insert_data.sh [11ms]
2024-03-28 06:16:55.417 [info] > git ls-files --stage -- /workspace/project/insert_data.sh [1ms]
2024-03-28 06:16:55.428 [info] > git cat-file -s c5ae640c15fdc710bb157f2bae6854a3a8f95f6c [1ms]
2024-03-28 06:16:55.904 [info] > git show --textconv :queries.sh [11ms]
2024-03-28 06:16:55.905 [info] > git ls-files --stage -- /workspace/project/queries.sh [1ms]
2024-03-28 06:16:55.913 [info] > git cat-file -s e5a5dad9fafd7fe928511d82397176d8ac27e9cb [1ms]
2024-03-28 06:17:02.556 [info] > git merge-base refs/heads/main refs/remotes/origin/main [1ms]
2024-03-28 06:17:02.563 [info] > git rev-list --count --left-right refs/heads/main...refs/remotes/origin/main [1ms]
2024-03-28 06:17:03.329 [info] > git check-ignore -v -z --stdin [1ms]
2024-03-28 06:17:04.300 [info] > git config --local branch.main.github-pr-owner-number [1ms]
2024-03-28 06:17:04.300 [warning] git config failed: Failed to execute git
2024-03-28 06:17:52.221 [info] > git show --textconv :games.csv [6ms]
2024-03-28 06:17:52.222 [info] > git ls-files --stage -- /workspace/project/games.csv [1ms]
2024-03-28 06:17:52.230 [info] > git cat-file -s 40a829cf638bf96aee92778f327f925d9003a04e [2ms]
2024-03-28 06:17:52.689 [info] > git show --textconv :queries.sh [8ms]
2024-03-28 06:17:52.690 [info] > git ls-files --stage -- /workspace/project/queries.sh [1ms]
2024-03-28 06:17:52.696 [info] > git cat-file -s e5a5dad9fafd7fe928511d82397176d8ac27e9cb [1ms]
2024-03-28 06:17:53.208 [info] > git show --textconv :games.csv [11ms]
2024-03-28 06:17:53.209 [info] > git ls-files --stage -- /workspace/project/games.csv [1ms]
2024-03-28 06:17:53.222 [info] > git cat-file -s 40a829cf638bf96aee92778f327f925d9003a04e [0ms]
2024-03-28 06:17:54.870 [info] > git show --textconv :queries.sh [7ms]
2024-03-28 06:17:54.870 [info] > git ls-files --stage -- /workspace/project/queries.sh [1ms]
2024-03-28 06:17:54.877 [info] > git cat-file -s e5a5dad9fafd7fe928511d82397176d8ac27e9cb [1ms]
2024-03-28 06:18:11.471 [info] > git config --get commit.template [7ms]
2024-03-28 06:18:11.472 [info] > git for-each-ref --format=%(refname)%00%(upstream:short)%00%(objectname)%00%(upstream:track)%00%(upstream:remotename)%00%(upstream:remoteref) refs/heads/main refs/remotes/main [1ms]
2024-03-28 06:18:11.481 [warning] ENOENT: no such file or directory, open '/workspace/project/.git/refs/remotes/origin/main'
2024-03-28 06:18:11.482 [info] > git rev-parse refs/remotes/origin/main [1ms]
2024-03-28 06:18:11.493 [info] > git status -z -uall [2ms]
2024-03-28 06:18:11.702 [info] > git check-ignore -v -z --stdin [1ms]
2024-03-28 06:18:13.210 [info] > git show --textconv :worldcup.sql [12ms]
2024-03-28 06:18:13.211 [info] > git ls-files --stage -- /workspace/project/worldcup.sql [1ms]
2024-03-28 06:18:16.607 [info] > git show --textconv :queries.sh [8ms]
2024-03-28 06:18:16.608 [info] > git ls-files --stage -- /workspace/project/queries.sh [1ms]
2024-03-28 06:18:16.615 [info] > git cat-file -s e5a5dad9fafd7fe928511d82397176d8ac27e9cb [1ms]
2024-03-28 06:18:17.495 [info] > git show --textconv :insert_data.sh [7ms]
2024-03-28 06:18:17.496 [info] > git ls-files --stage -- /workspace/project/insert_data.sh [1ms]
2024-03-28 06:18:17.502 [info] > git cat-file -s c5ae640c15fdc710bb157f2bae6854a3a8f95f6c [1ms]
2024-03-28 06:18:18.157 [info] > git show --textconv :games.csv [6ms]
2024-03-28 06:18:18.158 [info] > git ls-files --stage -- /workspace/project/games.csv [1ms]
2024-03-28 06:18:18.165 [info] > git cat-file -s 40a829cf638bf96aee92778f327f925d9003a04e [2ms]
2024-03-28 06:18:18.777 [info] > git show --textconv :expected_output.txt [11ms]
2024-03-28 06:18:18.778 [info] > git ls-files --stage -- /workspace/project/expected_output.txt [1ms]
2024-03-28 06:18:18.791 [info] > git cat-file -s 526632f98494b9662b3692d59c689fb3402cd2c1 [3ms]
2024-03-28 06:18:19.340 [info] > git show --textconv :insert_data.sh [13ms]
2024-03-28 06:18:19.341 [info] > git ls-files --stage -- /workspace/project/insert_data.sh [2ms]
2024-03-28 06:18:19.352 [info] > git cat-file -s c5ae640c15fdc710bb157f2bae6854a3a8f95f6c [1ms]
2024-03-28 06:18:19.781 [info] > git show --textconv :games.csv [11ms]
2024-03-28 06:18:19.781 [info] > git ls-files --stage -- /workspace/project/games.csv [1ms]
2024-03-28 06:18:19.793 [info] > git cat-file -s 40a829cf638bf96aee92778f327f925d9003a04e [2ms]
2024-03-28 06:18:20.219 [info] > git show --textconv :insert_data.sh [11ms]
2024-03-28 06:18:20.220 [info] > git ls-files --stage -- /workspace/project/insert_data.sh [2ms]
2024-03-28 06:18:20.226 [info] > git cat-file -s c5ae640c15fdc710bb157f2bae6854a3a8f95f6c [1ms]
2024-03-28 06:18:21.120 [info] > git show --textconv :insert_data.sh [11ms]
2024-03-28 06:18:21.121 [info] > git ls-files --stage -- /workspace/project/insert_data.sh [1ms]
2024-03-28 06:18:21.132 [info] > git cat-file -s c5ae640c15fdc710bb157f2bae6854a3a8f95f6c [1ms]
2024-03-28 06:18:22.231 [info] > git show --textconv :games.csv [11ms]
2024-03-28 06:18:22.232 [info] > git ls-files --stage -- /workspace/project/games.csv [1ms]
2024-03-28 06:18:22.245 [info] > git cat-file -s 40a829cf638bf96aee92778f327f925d9003a04e [1ms]
2024-03-28 06:18:22.703 [info] > git show --textconv :expected_output.txt [15ms]
2024-03-28 06:18:22.703 [info] > git ls-files --stage -- /workspace/project/expected_output.txt [1ms]
2024-03-28 06:18:22.713 [info] > git cat-file -s 526632f98494b9662b3692d59c689fb3402cd2c1 [1ms]
2024-03-28 06:18:23.639 [info] > git show --textconv :games.csv [11ms]
2024-03-28 06:18:23.640 [info] > git ls-files --stage -- /workspace/project/games.csv [2ms]
2024-03-28 06:18:23.648 [info] > git cat-file -s 40a829cf638bf96aee92778f327f925d9003a04e [2ms]
2024-03-28 06:18:24.035 [info] > git show --textconv :insert_data.sh [11ms]
2024-03-28 06:18:24.036 [info] > git ls-files --stage -- /workspace/project/insert_data.sh [2ms]
2024-03-28 06:18:24.047 [info] > git cat-file -s c5ae640c15fdc710bb157f2bae6854a3a8f95f6c [3ms]
2024-03-28 06:19:19.803 [info] > git config --get commit.template [7ms]
2024-03-28 06:19:19.803 [info] > git for-each-ref --format=%(refname)%00%(upstream:short)%00%(objectname)%00%(upstream:track)%00%(upstream:remotename)%00%(upstream:remoteref) refs/heads/main refs/remotes/main [1ms]
2024-03-28 06:19:19.810 [warning] ENOENT: no such file or directory, open '/workspace/project/.git/refs/remotes/origin/main'
2024-03-28 06:19:19.811 [info] > git rev-parse refs/remotes/origin/main [1ms]
2024-03-28 06:19:19.823 [info] > git status -z -uall [1ms]
2024-03-28 06:20:01.291 [info] > git show --textconv :queries.sh [8ms]
2024-03-28 06:20:01.292 [info] > git ls-files --stage -- /workspace/project/queries.sh [2ms]
2024-03-28 06:20:01.298 [info] > git cat-file -s e5a5dad9fafd7fe928511d82397176d8ac27e9cb [1ms]
2024-03-28 06:20:36.672 [info] > git show --textconv :expected_output.txt [7ms]
2024-03-28 06:20:36.673 [info] > git ls-files --stage -- /workspace/project/expected_output.txt [2ms]
2024-03-28 06:20:36.679 [info] > git cat-file -s 526632f98494b9662b3692d59c689fb3402cd2c1 [1ms]
2024-03-28 06:20:42.802 [info] > git show --textconv :queries.sh [11ms]
2024-03-28 06:20:42.803 [info] > git ls-files --stage -- /workspace/project/queries.sh [2ms]
2024-03-28 06:20:42.811 [info] > git cat-file -s e5a5dad9fafd7fe928511d82397176d8ac27e9cb [2ms]
2024-03-28 06:20:47.210 [info] > git show --textconv :expected_output.txt [14ms]
2024-03-28 06:20:47.210 [info] > git ls-files --stage -- /workspace/project/expected_output.txt [1ms]
2024-03-28 06:20:47.220 [info] > git cat-file -s 526632f98494b9662b3692d59c689fb3402cd2c1 [1ms]
2024-03-28 06:21:59.219 [info] > git show --textconv :expected_output.txt [8ms]
2024-03-28 06:21:59.220 [info] > git ls-files --stage -- /workspace/project/expected_output.txt [2ms]
2024-03-28 06:21:59.226 [info] > git cat-file -s 526632f98494b9662b3692d59c689fb3402cd2c1 [1ms]
2024-03-28 06:22:00.981 [info] > git show --textconv :expected_output.txt [7ms]
2024-03-28 06:22:00.982 [info] > git ls-files --stage -- /workspace/project/expected_output.txt [1ms]
2024-03-28 06:22:00.990 [info] > git cat-file -s 526632f98494b9662b3692d59c689fb3402cd2c1 [1ms]
2024-03-28 06:22:04.311 [info] > git config --local branch.main.github-pr-owner-number [1ms]
2024-03-28 06:22:04.311 [warning] git config failed: Failed to execute git
2024-03-28 06:22:30.599 [info] > git config --get commit.template [7ms]
2024-03-28 06:22:30.600 [info] > git for-each-ref --format=%(refname)%00%(upstream:short)%00%(objectname)%00%(upstream:track)%00%(upstream:remotename)%00%(upstream:remoteref) refs/heads/main refs/remotes/main [2ms]
2024-03-28 06:22:30.607 [warning] ENOENT: no such file or directory, open '/workspace/project/.git/refs/remotes/origin/main'
2024-03-28 06:22:30.608 [info] > git rev-parse refs/remotes/origin/main [1ms]
2024-03-28 06:22:30.617 [info] > git status -z -uall [1ms]
2024-03-28 06:22:59.867 [info] > git show --textconv :queries.sh [7ms]
2024-03-28 06:22:59.867 [info] > git ls-files --stage -- /workspace/project/queries.sh [1ms]
2024-03-28 06:22:59.874 [info] > git cat-file -s e5a5dad9fafd7fe928511d82397176d8ac27e9cb [1ms]
2024-03-28 06:23:10.875 [info] > git config --get commit.template [11ms]
2024-03-28 06:23:10.876 [info] > git for-each-ref --format=%(refname)%00%(upstream:short)%00%(objectname)%00%(upstream:track)%00%(upstream:remotename)%00%(upstream:remoteref) refs/heads/main refs/remotes/main [1ms]
2024-03-28 06:23:10.886 [warning] ENOENT: no such file or directory, open '/workspace/project/.git/refs/remotes/origin/main'
2024-03-28 06:23:10.887 [info] > git rev-parse refs/remotes/origin/main [1ms]
2024-03-28 06:23:10.898 [info] > git status -z -uall [1ms]
2024-03-28 06:23:15.917 [info] > git config --get commit.template [7ms]
2024-03-28 06:23:15.918 [info] > git for-each-ref --format=%(refname)%00%(upstream:short)%00%(objectname)%00%(upstream:track)%00%(upstream:remotename)%00%(upstream:remoteref) refs/heads/main refs/remotes/main [1ms]
2024-03-28 06:23:15.927 [warning] ENOENT: no such file or directory, open '/workspace/project/.git/refs/remotes/origin/main'
2024-03-28 06:23:15.929 [info] > git rev-parse refs/remotes/origin/main [2ms]
2024-03-28 06:23:15.939 [info] > git status -z -uall [1ms]
2024-03-28 06:23:38.433 [info] > git config --get commit.template [6ms]
2024-03-28 06:23:38.434 [info] > git for-each-ref --format=%(refname)%00%(upstream:short)%00%(objectname)%00%(upstream:track)%00%(upstream:remotename)%00%(upstream:remoteref) refs/heads/main refs/remotes/main [1ms]
2024-03-28 06:23:38.440 [warning] ENOENT: no such file or directory, open '/workspace/project/.git/refs/remotes/origin/main'
2024-03-28 06:23:38.441 [info] > git rev-parse refs/remotes/origin/main [1ms]
2024-03-28 06:23:38.448 [info] > git status -z -uall [2ms]
2024-03-28 06:23:45.665 [info] > git config --get commit.template [8ms]
2024-03-28 06:23:45.666 [info] > git for-each-ref --format=%(refname)%00%(upstream:short)%00%(objectname)%00%(upstream:track)%00%(upstream:remotename)%00%(upstream:remoteref) refs/heads/main refs/remotes/main [1ms]
2024-03-28 06:23:45.672 [warning] ENOENT: no such file or directory, open '/workspace/project/.git/refs/remotes/origin/main'
2024-03-28 06:23:45.673 [info] > git rev-parse refs/remotes/origin/main [1ms]
2024-03-28 06:23:45.682 [info] > git status -z -uall [2ms]
2024-03-28 06:23:58.658 [info] > git show --textconv :queries.sh [8ms]
2024-03-28 06:23:58.659 [info] > git ls-files --stage -- /workspace/project/queries.sh [2ms]
2024-03-28 06:23:58.666 [info] > git cat-file -s e5a5dad9fafd7fe928511d82397176d8ac27e9cb [1ms]
2024-03-28 06:24:14.954 [info] > git config --get commit.template [7ms]
2024-03-28 06:24:14.955 [info] > git for-each-ref --format=%(refname)%00%(upstream:short)%00%(objectname)%00%(upstream:track)%00%(upstream:remotename)%00%(upstream:remoteref) refs/heads/main refs/remotes/main [1ms]
2024-03-28 06:24:14.961 [warning] ENOENT: no such file or directory, open '/workspace/project/.git/refs/remotes/origin/main'
2024-03-28 06:24:14.962 [info] > git rev-parse refs/remotes/origin/main [1ms]
2024-03-28 06:24:14.969 [info] > git status -z -uall [1ms]
2024-03-28 06:24:21.815 [info] > git config --get commit.template [12ms]
2024-03-28 06:24:21.816 [info] > git for-each-ref --format=%(refname)%00%(upstream:short)%00%(objectname)%00%(upstream:track)%00%(upstream:remotename)%00%(upstream:remoteref) refs/heads/main refs/remotes/main [1ms]
2024-03-28 06:24:21.826 [warning] ENOENT: no such file or directory, open '/workspace/project/.git/refs/remotes/origin/main'
2024-03-28 06:24:21.827 [info] > git rev-parse refs/remotes/origin/main [1ms]
2024-03-28 06:24:21.839 [info] > git status -z -uall [2ms]
2024-03-28 06:24:35.843 [info] > git config --get commit.template [8ms]
2024-03-28 06:24:35.844 [info] > git for-each-ref --format=%(refname)%00%(upstream:short)%00%(objectname)%00%(upstream:track)%00%(upstream:remotename)%00%(upstream:remoteref) refs/heads/main refs/remotes/main [1ms]
2024-03-28 06:24:35.850 [warning] ENOENT: no such file or directory, open '/workspace/project/.git/refs/remotes/origin/main'
2024-03-28 06:24:35.851 [info] > git rev-parse refs/remotes/origin/main [1ms]
2024-03-28 06:24:35.859 [info] > git status -z -uall [2ms]
2024-03-28 06:24:44.264 [info] > git config --get commit.template [7ms]
2024-03-28 06:24:44.265 [info] > git for-each-ref --format=%(refname)%00%(upstream:short)%00%(objectname)%00%(upstream:track)%00%(upstream:remotename)%00%(upstream:remoteref) refs/heads/main refs/remotes/main [2ms]
2024-03-28 06:24:44.271 [warning] ENOENT: no such file or directory, open '/workspace/project/.git/refs/remotes/origin/main'
2024-03-28 06:24:44.271 [info] > git rev-parse refs/remotes/origin/main [1ms]
2024-03-28 06:24:44.279 [info] > git status -z -uall [2ms]
2024-03-28 06:24:49.309 [info] > git config --get commit.template [14ms]
2024-03-28 06:24:49.311 [info] > git for-each-ref --format=%(refname)%00%(upstream:short)%00%(objectname)%00%(upstream:track)%00%(upstream:remotename)%00%(upstream:remoteref) refs/heads/main refs/remotes/main [2ms]
2024-03-28 06:24:49.321 [warning] ENOENT: no such file or directory, open '/workspace/project/.git/refs/remotes/origin/main'
2024-03-28 06:24:49.323 [info] > git rev-parse refs/remotes/origin/main [1ms]
2024-03-28 06:24:49.339 [info] > git status -z -uall [2ms]
2024-03-28 06:24:59.140 [info] > git config --get commit.template [16ms]
2024-03-28 06:24:59.141 [info] > git for-each-ref --format=%(refname)%00%(upstream:short)%00%(objectname)%00%(upstream:track)%00%(upstream:remotename)%00%(upstream:remoteref) refs/heads/main refs/remotes/main [2ms]
2024-03-28 06:24:59.157 [warning] ENOENT: no such file or directory, open '/workspace/project/.git/refs/remotes/origin/main'
2024-03-28 06:24:59.159 [info] > git rev-parse refs/remotes/origin/main [2ms]
2024-03-28 06:24:59.170 [info] > git status -z -uall [1ms]
2024-03-28 06:25:04.194 [info] > git config --get commit.template [11ms]
2024-03-28 06:25:04.195 [info] > git for-each-ref --format=%(refname)%00%(upstream:short)%00%(objectname)%00%(upstream:track)%00%(upstream:remotename)%00%(upstream:remoteref) refs/heads/main refs/remotes/main [1ms]
2024-03-28 06:25:04.206 [warning] ENOENT: no such file or directory, open '/workspace/project/.git/refs/remotes/origin/main'
2024-03-28 06:25:04.207 [info] > git rev-parse refs/remotes/origin/main [1ms]
2024-03-28 06:25:04.222 [info] > git status -z -uall [2ms]
2024-03-28 06:25:09.252 [info] > git config --get commit.template [10ms]
2024-03-28 06:25:09.253 [info] > git for-each-ref --format=%(refname)%00%(upstream:short)%00%(objectname)%00%(upstream:track)%00%(upstream:remotename)%00%(upstream:remoteref) refs/heads/main refs/remotes/main [1ms]
2024-03-28 06:25:09.259 [warning] ENOENT: no such file or directory, open '/workspace/project/.git/refs/remotes/origin/main'
2024-03-28 06:25:09.260 [info] > git rev-parse refs/remotes/origin/main [1ms]
2024-03-28 06:25:09.267 [info] > git status -z -uall [1ms]
2024-03-28 06:26:19.559 [info] > git config --get commit.template [14ms]
2024-03-28 06:26:19.560 [info] > git for-each-ref --format=%(refname)%00%(upstream:short)%00%(objectname)%00%(upstream:track)%00%(upstream:remotename)%00%(upstream:remoteref) refs/heads/main refs/remotes/main [2ms]
2024-03-28 06:26:19.570 [warning] ENOENT: no such file or directory, open '/workspace/project/.git/refs/remotes/origin/main'
2024-03-28 06:26:19.571 [info] > git rev-parse refs/remotes/origin/main [0ms]
2024-03-28 06:26:19.582 [info] > git status -z -uall [1ms]
2024-03-28 06:26:26.156 [info] > git config --get commit.template [10ms]
2024-03-28 06:26:26.157 [info] > git for-each-ref --format=%(refname)%00%(upstream:short)%00%(objectname)%00%(upstream:track)%00%(upstream:remotename)%00%(upstream:remoteref) refs/heads/main refs/remotes/main [2ms]
2024-03-28 06:26:26.166 [warning] ENOENT: no such file or directory, open '/workspace/project/.git/refs/remotes/origin/main'
2024-03-28 06:26:26.167 [info] > git rev-parse refs/remotes/origin/main [1ms]
2024-03-28 06:26:26.180 [info] > git status -z -uall [2ms]
2024-03-28 06:26:31.208 [info] > git config --get commit.template [12ms]
2024-03-28 06:26:31.209 [info] > git for-each-ref --format=%(refname)%00%(upstream:short)%00%(objectname)%00%(upstream:track)%00%(upstream:remotename)%00%(upstream:remoteref) refs/heads/main refs/remotes/main [2ms]
2024-03-28 06:26:31.220 [warning] ENOENT: no such file or directory, open '/workspace/project/.git/refs/remotes/origin/main'
2024-03-28 06:26:31.221 [info] > git rev-parse refs/remotes/origin/main [2ms]
2024-03-28 06:26:31.234 [info] > git status -z -uall [2ms]
2024-03-28 06:26:36.256 [info] > git config --get commit.template [9ms]
2024-03-28 06:26:36.257 [info] > git for-each-ref --format=%(refname)%00%(upstream:short)%00%(objectname)%00%(upstream:track)%00%(upstream:remotename)%00%(upstream:remoteref) refs/heads/main refs/remotes/main [2ms]
2024-03-28 06:26:36.263 [warning] ENOENT: no such file or directory, open '/workspace/project/.git/refs/remotes/origin/main'
2024-03-28 06:26:36.264 [info] > git rev-parse refs/remotes/origin/main [1ms]
2024-03-28 06:26:36.271 [info] > git status -z -uall [1ms]
2024-03-28 06:27:04.326 [info] > git config --local branch.main.github-pr-owner-number [2ms]
2024-03-28 06:27:04.326 [warning] git config failed: Failed to execute git
2024-03-28 06:27:27.047 [info] > git config --get commit.template [9ms]
2024-03-28 06:27:27.047 [info] > git for-each-ref --format=%(refname)%00%(upstream:short)%00%(objectname)%00%(upstream:track)%00%(upstream:remotename)%00%(upstream:remoteref) refs/heads/main refs/remotes/main [1ms]
2024-03-28 06:27:27.055 [warning] ENOENT: no such file or directory, open '/workspace/project/.git/refs/remotes/origin/main'
2024-03-28 06:27:27.056 [info] > git rev-parse refs/remotes/origin/main [1ms]
2024-03-28 06:27:27.068 [info] > git status -z -uall [1ms]
2024-03-28 06:27:32.086 [info] > git config --get commit.template [7ms]
2024-03-28 06:27:32.087 [info] > git for-each-ref --format=%(refname)%00%(upstream:short)%00%(objectname)%00%(upstream:track)%00%(upstream:remotename)%00%(upstream:remoteref) refs/heads/main refs/remotes/main [2ms]
2024-03-28 06:27:32.095 [warning] ENOENT: no such file or directory, open '/workspace/project/.git/refs/remotes/origin/main'
2024-03-28 06:27:32.096 [info] > git rev-parse refs/remotes/origin/main [1ms]
2024-03-28 06:27:32.104 [info] > git status -z -uall [1ms]
2024-03-28 06:27:37.123 [info] > git config --get commit.template [6ms]
2024-03-28 06:27:37.124 [info] > git for-each-ref --format=%(refname)%00%(upstream:short)%00%(objectname)%00%(upstream:track)%00%(upstream:remotename)%00%(upstream:remoteref) refs/heads/main refs/remotes/main [2ms]
2024-03-28 06:27:37.129 [warning] ENOENT: no such file or directory, open '/workspace/project/.git/refs/remotes/origin/main'
2024-03-28 06:27:37.130 [info] > git rev-parse refs/remotes/origin/main [1ms]
2024-03-28 06:27:37.138 [info] > git status -z -uall [2ms]
2024-03-28 06:27:42.157 [info] > git config --get commit.template [7ms]
2024-03-28 06:27:42.157 [info] > git for-each-ref --format=%(refname)%00%(upstream:short)%00%(objectname)%00%(upstream:track)%00%(upstream:remotename)%00%(upstream:remoteref) refs/heads/main refs/remotes/main [1ms]
2024-03-28 06:27:42.166 [warning] ENOENT: no such file or directory, open '/workspace/project/.git/refs/remotes/origin/main'
2024-03-28 06:27:42.168 [info] > git rev-parse refs/remotes/origin/main [1ms]
2024-03-28 06:27:42.179 [info] > git status -z -uall [2ms]
2024-03-28 06:27:42.306 [info] > git ls-files --stage -- /workspace/project/expected_output.txt [1ms]
2024-03-28 06:27:42.318 [info] > git cat-file -s 526632f98494b9662b3692d59c689fb3402cd2c1 [1ms]
2024-03-28 06:27:42.485 [info] > git config --local branch.main.github-pr-owner-number [1ms]
2024-03-28 06:27:42.485 [warning] git config failed: Failed to execute git
2024-03-28 06:27:42.528 [info] > git show --textconv :expected_output.txt [2ms]
2024-03-28 06:27:47.096 [info] > git show --textconv :insert_data.sh [12ms]
2024-03-28 06:27:47.097 [info] > git ls-files --stage -- /workspace/project/insert_data.sh [2ms]
2024-03-28 06:27:47.108 [info] > git cat-file -s dd1806eb63baa1221bc27d911e2652aec65b87b3 [1ms]
2024-03-28 06:27:47.501 [info] > git show --textconv :queries.sh [7ms]
2024-03-28 06:27:47.502 [info] > git ls-files --stage -- /workspace/project/queries.sh [1ms]
2024-03-28 06:27:47.508 [info] > git cat-file -s 51028e465ea063b52ab8dbf44f6182061ea0e937 [1ms]
2024-03-28 06:27:57.922 [info] > git config --get commit.template [7ms]
2024-03-28 06:27:57.923 [info] > git for-each-ref --format=%(refname)%00%(upstream:short)%00%(objectname)%00%(upstream:track)%00%(upstream:remotename)%00%(upstream:remoteref) refs/heads/main refs/remotes/main [1ms]
2024-03-28 06:27:57.929 [warning] ENOENT: no such file or directory, open '/workspace/project/.git/refs/remotes/origin/main'
2024-03-28 06:27:57.930 [info] > git rev-parse refs/remotes/origin/main [1ms]
2024-03-28 06:27:57.937 [info] > git status -z -uall [1ms]
2024-03-28 06:28:04.523 [info] > git config --get commit.template [8ms]
2024-03-28 06:28:04.524 [info] > git for-each-ref --format=%(refname)%00%(upstream:short)%00%(objectname)%00%(upstream:track)%00%(upstream:remotename)%00%(upstream:remoteref) refs/heads/main refs/remotes/main [2ms]
2024-03-28 06:28:04.530 [warning] ENOENT: no such file or directory, open '/workspace/project/.git/refs/remotes/origin/main'
2024-03-28 06:28:04.531 [info] > git rev-parse refs/remotes/origin/main [1ms]
2024-03-28 06:28:04.538 [info] > git status -z -uall [1ms]
2024-03-28 06:28:07.914 [info] > git ls-files --stage -- /workspace/project/expected_output.txt [11ms]
2024-03-28 06:28:07.922 [info] > git ls-files --stage -- /workspace/project/queries.sh [9ms]
2024-03-28 06:28:07.928 [info] > git cat-file -s 526632f98494b9662b3692d59c689fb3402cd2c1 [6ms]
2024-03-28 06:28:07.928 [info] > git cat-file -s 51028e465ea063b52ab8dbf44f6182061ea0e937 [1ms]
2024-03-28 06:28:08.122 [info] > git show --textconv :expected_output.txt [7ms]
2024-03-28 06:28:08.122 [info] > git show --textconv :queries.sh [1ms]
2024-03-28 06:28:09.557 [info] > git config --get commit.template [6ms]
2024-03-28 06:28:09.557 [info] > git for-each-ref --format=%(refname)%00%(upstream:short)%00%(objectname)%00%(upstream:track)%00%(upstream:remotename)%00%(upstream:remoteref) refs/heads/main refs/remotes/main [1ms]
2024-03-28 06:28:09.563 [warning] ENOENT: no such file or directory, open '/workspace/project/.git/refs/remotes/origin/main'
2024-03-28 06:28:09.564 [info] > git rev-parse refs/remotes/origin/main [1ms]
2024-03-28 06:28:09.571 [info] > git status -z -uall [2ms]
2024-03-28 06:28:42.410 [info] > git config --get commit.template [7ms]
2024-03-28 06:28:42.411 [info] > git for-each-ref --format=%(refname)%00%(upstream:short)%00%(objectname)%00%(upstream:track)%00%(upstream:remotename)%00%(upstream:remoteref) refs/heads/main refs/remotes/main [2ms]
2024-03-28 06:28:42.417 [warning] ENOENT: no such file or directory, open '/workspace/project/.git/refs/remotes/origin/main'
2024-03-28 06:28:42.418 [info] > git rev-parse refs/remotes/origin/main [1ms]
2024-03-28 06:28:42.425 [info] > git status -z -uall [2ms]
2024-03-28 06:28:55.624 [info] > git config --get commit.template [9ms]
2024-03-28 06:28:55.625 [info] > git for-each-ref --format=%(refname)%00%(upstream:short)%00%(objectname)%00%(upstream:track)%00%(upstream:remotename)%00%(upstream:remoteref) refs/heads/main refs/remotes/main [1ms]
2024-03-28 06:28:55.634 [warning] ENOENT: no such file or directory, open '/workspace/project/.git/refs/remotes/origin/main'
2024-03-28 06:28:55.635 [info] > git rev-parse refs/remotes/origin/main [1ms]
2024-03-28 06:28:55.647 [info] > git status -z -uall [1ms]
2024-03-28 06:28:57.909 [info] > git ls-files --stage -- /workspace/project/expected_output.txt [7ms]
2024-03-28 06:28:57.916 [info] > git ls-files --stage -- /workspace/project/queries.sh [8ms]
2024-03-28 06:28:57.924 [info] > git cat-file -s 526632f98494b9662b3692d59c689fb3402cd2c1 [9ms]
2024-03-28 06:28:57.924 [info] > git cat-file -s 51028e465ea063b52ab8dbf44f6182061ea0e937 [2ms]
2024-03-28 06:28:58.116 [info] > git show --textconv :expected_output.txt [6ms]
2024-03-28 06:28:58.117 [info] > git show --textconv :queries.sh [1ms]
2024-03-28 06:29:00.664 [info] > git config --get commit.template [7ms]
2024-03-28 06:29:00.665 [info] > git for-each-ref --format=%(refname)%00%(upstream:short)%00%(objectname)%00%(upstream:track)%00%(upstream:remotename)%00%(upstream:remoteref) refs/heads/main refs/remotes/main [2ms]
2024-03-28 06:29:00.670 [warning] ENOENT: no such file or directory, open '/workspace/project/.git/refs/remotes/origin/main'
2024-03-28 06:29:00.671 [info] > git rev-parse refs/remotes/origin/main [1ms]
2024-03-28 06:29:00.678 [info] > git status -z -uall [1ms]
2024-03-28 06:32:04.344 [info] > git config --local branch.main.github-pr-owner-number [2ms]
2024-03-28 06:32:04.344 [warning] git config failed: Failed to execute git
2024-03-28 06:35:05.395 [info] > git merge-base refs/heads/main refs/remotes/origin/main [2ms]
2024-03-28 06:35:05.403 [info] > git rev-list --count --left-right refs/heads/main...refs/remotes/origin/main [1ms]
2024-03-28 06:35:18.092 [info] > git add -A -- . [2ms]
2024-03-28 06:35:19.112 [info] > git show --textconv :.git/COMMIT_EDITMSG [7ms]
2024-03-28 06:35:19.113 [info] > git ls-files --stage -- /workspace/project/.git/COMMIT_EDITMSG [2ms]
2024-03-28 06:35:19.209 [info] > git check-ignore -v -z --stdin [1ms]
2024-03-28 06:35:19.648 [info] > git ls-files --stage -- /workspace/project/expected_output.txt [9ms]
2024-03-28 06:35:19.657 [info] > git ls-files --stage -- /workspace/project/.git/COMMIT_EDITMSG [9ms]
2024-03-28 06:35:19.658 [info] > git cat-file -s 526632f98494b9662b3692d59c689fb3402cd2c1 [1ms]
2024-03-28 06:35:19.854 [info] > git show --textconv :.git/COMMIT_EDITMSG [8ms]
2024-03-28 06:35:19.855 [info] > git show --textconv :expected_output.txt [2ms]
2024-03-28 06:37:04.356 [info] > git config --local branch.main.github-pr-owner-number [1ms]
2024-03-28 06:37:04.356 [warning] git config failed: Failed to execute git
2024-03-28 06:42:04.366 [info] > git config --local branch.main.github-pr-owner-number [1ms]
2024-03-28 06:42:04.366 [warning] git config failed: Failed to execute git
2024-03-28 06:44:20.873 [info] > git show --textconv HEAD:worldcup.sql [8ms]
2024-03-28 06:44:20.874 [info] > git ls-tree -l HEAD -- /workspace/project/worldcup.sql [1ms]
2024-03-28 06:44:29.428 [info] > git show --textconv :games.csv [11ms]
2024-03-28 06:44:29.429 [info] > git ls-files --stage -- /workspace/project/games.csv [1ms]
2024-03-28 06:44:29.442 [info] > git cat-file -s 40a829cf638bf96aee92778f327f925d9003a04e [1ms]
2024-03-28 06:44:30.013 [info] > git show --textconv :insert_data.sh [7ms]
2024-03-28 06:44:30.014 [info] > git ls-files --stage -- /workspace/project/insert_data.sh [1ms]
2024-03-28 06:44:30.021 [info] > git cat-file -s dd1806eb63baa1221bc27d911e2652aec65b87b3 [1ms]
2024-03-28 06:44:30.493 [info] > git show --textconv :games.csv [12ms]
2024-03-28 06:44:30.493 [info] > git ls-files --stage -- /workspace/project/games.csv [1ms]
2024-03-28 06:44:30.506 [info] > git cat-file -s 40a829cf638bf96aee92778f327f925d9003a04e [3ms]
2024-03-28 06:44:32.524 [info] > git show --textconv :queries.sh [6ms]
2024-03-28 06:44:32.525 [info] > git ls-files --stage -- /workspace/project/queries.sh [1ms]
2024-03-28 06:44:32.532 [info] > git cat-file -s 51028e465ea063b52ab8dbf44f6182061ea0e937 [1ms]
2024-03-28 06:44:33.589 [info] > git show --textconv :worldcup.sql [10ms]
2024-03-28 06:44:33.589 [info] > git ls-files --stage -- /workspace/project/worldcup.sql [1ms]
2024-03-28 06:44:33.600 [info] > git cat-file -s 09d1fbd80c3fede05e35f5bc2ebb9d62f9016e82 [2ms]
2024-03-28 06:44:37.560 [info] > git log --format=%H%n%aN%n%aE%n%at%n%ct%n%P%n%D%n%B -z --shortstat --diff-merges=first-parent --author-date-order 2bb7155f5fb9b5ee8e361053405e32da41235798..45fd0d38a0b33e8f06a3142bc4f40cdbdbae9e9e [7ms]
2024-03-28 06:44:37.944 [info] > git diff --shortstat 2bb7155f5fb9b5ee8e361053405e32da41235798...45fd0d38a0b33e8f06a3142bc4f40cdbdbae9e9e [5ms]
2024-03-28 06:44:40.446 [info] > git diff --name-status -z --diff-filter=ADMR 2bb7155f5fb9b5ee8e361053405e32da41235798...45fd0d38a0b33e8f06a3142bc4f40cdbdbae9e9e [4ms]
2024-03-28 06:44:41.169 [info] > git check-ignore -v -z --stdin [2ms]
2024-03-28 06:44:45.318 [info] > git diff --name-status -z --diff-filter=ADMR b75b4b7f4f498259b5afc82cd224d25b4b4db4fb...45fd0d38a0b33e8f06a3142bc4f40cdbdbae9e9e [1ms]
2024-03-28 06:44:47.222 [info] > git diff --name-status -z --diff-filter=ADMR 2bb7155f5fb9b5ee8e361053405e32da41235798...cd2b3a06efff06d957d760f113a64562113ea8b3 [2ms]
2024-03-28 06:44:47.927 [info] > git check-ignore -v -z --stdin [1ms]
2024-03-28 06:44:48.000 [info] > git diff --name-status -z --diff-filter=ADMR cd2b3a06efff06d957d760f113a64562113ea8b3...b75b4b7f4f498259b5afc82cd224d25b4b4db4fb [2ms]
2024-03-28 06:44:48.698 [info] > git check-ignore -v -z --stdin [1ms]
2024-03-28 06:44:48.732 [info] > git show --textconv cd2b3a06efff06d957d760f113a64562113ea8b3:.freeCodeCamp/test/1.1.test.js [21ms]
2024-03-28 06:44:48.732 [info] > git show --textconv b75b4b7f4f498259b5afc82cd224d25b4b4db4fb:.freeCodeCamp/test/1.1.test.js [13ms]
2024-03-28 06:44:48.732 [info] > git ls-tree -l cd2b3a06efff06d957d760f113a64562113ea8b3 -- /workspace/project/.freeCodeCamp/test/1.1.test.js [7ms]
2024-03-28 06:44:48.733 [info] > git ls-tree -l b75b4b7f4f498259b5afc82cd224d25b4b4db4fb -- /workspace/project/.freeCodeCamp/test/1.1.test.js [2ms]
2024-03-28 06:44:49.243 [info] > git check-ignore -v -z --stdin [1ms]
2024-03-28 06:44:50.029 [info] > git show --textconv HEAD:worldcup.sql [8ms]
2024-03-28 06:44:50.029 [info] > git ls-tree -l HEAD -- /workspace/project/worldcup.sql [1ms]
2024-03-28 06:45:59.645 [info] > git ls-tree -l HEAD -- /workspace/project/worldcup.sql [2ms]
2024-03-28 06:46:03.260 [info] > git show --textconv :queries.sh [6ms]
2024-03-28 06:46:03.261 [info] > git ls-files --stage -- /workspace/project/queries.sh [1ms]
2024-03-28 06:46:03.268 [info] > git cat-file -s 51028e465ea063b52ab8dbf44f6182061ea0e937 [1ms]
2024-03-28 06:46:06.082 [info] > git show --textconv :insert_data.sh [7ms]
2024-03-28 06:46:06.083 [info] > git ls-files --stage -- /workspace/project/insert_data.sh [1ms]
2024-03-28 06:46:06.089 [info] > git cat-file -s dd1806eb63baa1221bc27d911e2652aec65b87b3 [1ms]
