2024-03-28 05:47:01.379 [info] Log level: Info
2024-03-28 05:47:01.392 [info] VSCODE_MACHINE_ID: 581b9b1d-e7ee-41e9-a9ce-581f913b3769
2024-03-28 05:47:01.392 [info] VSCODE_SESSION_ID: fc008291-ffdf-4c07-b17b-3a8a761a6d1d1711604816164
2024-03-28 05:47:01.392 [info] VSCODE_VERSION: 1.87.1
2024-03-28 05:47:01.392 [info] VSCODE_APP_NAME: Gitpod Code
2024-03-28 05:47:01.392 [info] VSCODE_APP_HOST: Gitpod
2024-03-28 05:47:01.392 [info] VSCODE_UI_KIND: web
2024-03-28 05:47:01.392 [info] GITPOD_WORKSPACE_CONTEXT_URL: https://github.com/freeCodeCamp/learn-world-cup-database
2024-03-28 05:47:01.392 [info] GITPOD_INSTANCE_ID: a816323b-9747-44b9-8562-b7e8eb976edc
2024-03-28 05:47:01.392 [info] GITPOD_WORKSPACE_URL: https://freecodecam-learnworldc-7v8vfimdzfd.ws-us110.gitpod.io
2024-03-28 05:47:01.400 [info] Gitpod Web 4e069a6
2024-03-28 05:47:01.400 [info] Reading sessions from keychain...
2024-03-28 05:47:01.619 [info] Getting sessions for all scopes...
2024-03-28 05:47:01.619 [info] Getting GitHub sessions for all scopes...
2024-03-28 05:47:01.619 [info] Getting sessions for function:accessCodeSyncStorage...
2024-03-28 05:47:01.619 [info] Got stored sessions!
2024-03-28 05:47:01.619 [info] Verified session with the following scopes: function:accessCodeSyncStorage function:closePort function:controlAdmission function:deleteEnvVar function:generateNewGitpodToken function:getDefaultWorkspaceImage function:getEnvVars function:getGitpodTokenScopes function:getIDToken function:getLoggedInUser function:getOpenPorts function:getSupportedWorkspaceClasses function:getTeams function:getToken function:getWorkspace function:getWorkspaceEnvVars function:getWorkspaceOwner function:getWorkspaceTimeout function:getWorkspaceUsers function:guessGitTokenScopes function:isWorkspaceOwner function:openPort function:sendHeartBeat function:setEnvVar function:setWorkspaceTimeout function:stopWorkspace function:takeSnapshot function:trackEvent function:updateGitStatus function:waitForSnapshot resource:contentBlob::*::create/get resource:envVar::freeCodeCamp/learn-world-cup-database::create/get/update/delete resource:gitpodToken::*::create resource:snapshot::ws-freecodecam-learnworldc-7v8vfimdzfd::create resource:token::*::get resource:userStorage::*::create/get/update resource:workspace::freecodecam-learnworldc-7v8vfimdzfd::get/update resource:workspaceInstance::a816323b-9747-44b9-8562-b7e8eb976edc::get/update/delete
2024-03-28 05:47:01.620 [info] Got 1 verified sessions.
2024-03-28 05:47:01.620 [info] Got 1 sessions for all scopes...
2024-03-28 05:47:01.620 [info] Got 1 sessions for function:accessCodeSyncStorage...
2024-03-28 05:47:01.707 [info] Got 1 GitHub sessions for all scopes...
2024-03-28 05:47:01.889 [info] Getting sessions for all scopes...
2024-03-28 05:47:01.889 [info] Got 1 sessions for all scopes...
2024-03-28 05:47:01.943 [info] Getting GitHub sessions for all scopes...
2024-03-28 05:47:01.943 [info] Got 1 GitHub sessions for all scopes...
2024-03-28 05:47:02.535 [info] Getting GitHub sessions for read:user,repo,user:email,workflow...
2024-03-28 05:47:02.535 [info] Got 1 GitHub sessions for read:user,repo,user:email,workflow...
2024-03-28 05:47:03.065 [info] Getting GitHub sessions for project,read:org,read:user,repo,user:email,workflow...
2024-03-28 05:47:03.065 [info] Got 0 GitHub sessions for project,read:org,read:user,repo,user:email,workflow...
2024-03-28 05:47:03.625 [info] Getting GitHub sessions for read:user,repo,user:email,workflow...
2024-03-28 05:47:03.625 [info] Got 1 GitHub sessions for read:user,repo,user:email,workflow...
2024-03-28 05:47:06.806 [info] Getting GitHub sessions for all scopes...
2024-03-28 05:47:06.807 [info] Got 1 GitHub sessions for all scopes...
